SuperStepDurations:
SuperStep 1 : 0.0
SuperStep 2 : 1.176959269
SuperStep 3 : 1.154511375
SuperStep 4 : 1.126292998
SuperStep 5 : 1.1191126
SuperStep 6 : 1.129380469
SuperStep 7 : 1.113089427
SuperStep 8 : 1.139773707
SuperStep 9 : 1.152362731
SuperStep 10 : 1.169811068
SuperStep 11 : 1.132542742
SuperStep 12 : 1.096157228
SuperStep 13 : 1.12180469
SuperStep 14 : 1.093924074
SuperStep 15 : 1.074287911
SuperStep 16 : 1.100082044
SuperStep 17 : 1.111162255
SuperStep 18 : 1.147548048
SuperStep 19 : 1.082033827
SuperStep 20 : 1.125303885
SuperStep 21 : 1.211382549
SuperStep 22 : 1.21397665
SuperStep 23 : 0.928795933
SuperStep 24 : 0.448231384
SuperStep 25 : 0.460889763
SuperStep 26 : 0.464590035
SuperStep 27 : 0.437555843
SuperStep 28 : 0.508251421
SuperStep 29 : 0.474152421
SuperStep 30 : 0.471732229
SuperStep 31 : 0.44323078
SuperStep 32 : 0.453246935
SuperStep 33 : 0.463469407
SuperStep 34 : 0.463781255
SuperStep 35 : 0.463380497
SuperStep 36 : 0.469768738
SuperStep 37 : 0.480074742
SuperStep 38 : 0.483451781
SuperStep 39 : 0.428090118
SuperStep 40 : 0.473397421
SuperStep 41 : 0.445082941
SuperStep 42 : 0.440841877
SuperStep 43 : 0.459941367
SuperStep 44 : 0.456490155
SuperStep 45 : 0.485695899
SuperStep 46 : 0.455265531
SuperStep 47 : 0.480121536
SuperStep 48 : 0.447183532
SuperStep 49 : 0.451963015
SuperStep 50 : 0.450020827
SuperStep 51 : 0.449647028
SuperStep 52 : 0.467623097
SuperStep 53 : 0.472116574
SuperStep 54 : 0.431971632
SuperStep 55 : 0.453375725
SuperStep 56 : 0.461576946
SuperStep 57 : 0.465155132
SuperStep 58 : 0.46552928
SuperStep 59 : 0.477950333
SuperStep 60 : 0.474068121
SuperStep 61 : 0.51728894
SuperStep 62 : 0.460443817
SuperStep 63 : 0.468054516
SuperStep 64 : 0.451278206
SuperStep 65 : 0.456654217
SuperStep 66 : 0.484655381
SuperStep 67 : 0.477024777
SuperStep 68 : 0.454351779
SuperStep 69 : 0.461862464
SuperStep 70 : 0.476603135
SuperStep 71 : 0.497339602
SuperStep 72 : 0.486933513
SuperStep 73 : 0.477278446
SuperStep 74 : 0.482435079
SuperStep 75 : 0.489382831
SuperStep 76 : 0.497590268
SuperStep 77 : 0.473789099
SuperStep 78 : 0.477647425
SuperStep 79 : 0.475607037
SuperStep 80 : 0.474671912
SuperStep 81 : 0.486969134
SuperStep 82 : 0.469920717
SuperStep 83 : 0.4757213
SuperStep 84 : 0.464912988
SuperStep 85 : 0.475043895
SuperStep 86 : 0.30349322
SuperStep 87 : 0.313239782
SuperStep 88 : 0.312964951
SuperStep 89 : 0.326788098
SuperStep 90 : 0.342232366
SuperStep 91 : 0.313621404
SuperStep 92 : 0.304185153
SuperStep 93 : 0.321640684
SuperStep 94 : 0.304486035
SuperStep 95 : 0.326717556
SuperStep 96 : 0.317890684
SuperStep 97 : 0.290373041
SuperStep 98 : 0.333424211
SuperStep 99 : 0.316482374
SuperStep 100 : 0.300420137
SuperStep 101 : 0.359057356
SuperStep 102 : 0.31350763
SuperStep 103 : 0.317166484
SuperStep 104 : 0.311904877
SuperStep 105 : 0.298540248
SuperStep 106 : 0.293600267
SuperStep 107 : 0.299056246

Graph - Vertex numbers: 10
Graph - Edge numbers: 15

SuperStepDurations - Sum: 60.63346408, Mean: 0.5666678885981306, Min: 0.0, Max: 1.21397665, Std Dev: 0.29531530953108964
Master total operation time: 97.052822828