TotalDurations:
SuperStep 1 : 0.0588487
SuperStep 2 : 0.0194981
SuperStep 3 : 0.0208399
SuperStep 4 : 0.0204806
SuperStep 5 : 0.0206915
SuperStep 6 : 0.0204433
SuperStep 7 : 0.0195916
SuperStep 8 : 0.0198196
SuperStep 9 : 0.0205548
SuperStep 10 : 0.0173961
SuperStep 11 : 0.0254482
SuperStep 12 : 0.0215537
SuperStep 13 : 0.0220261
SuperStep 14 : 0.022066
SuperStep 15 : 0.0220685
SuperStep 16 : 0.020981
SuperStep 17 : 0.021678
SuperStep 18 : 0.0212794
SuperStep 19 : 0.0231215
SuperStep 20 : 0.0213147
SuperStep 21 : 0.0225519
SuperStep 22 : 0.0215983
SuperStep 23 : 0.0225299
SuperStep 24 : 0.0205397
SuperStep 25 : 0.0213771
SuperStep 26 : 0.0223807
SuperStep 27 : 0.0234973
SuperStep 28 : 0.0213293
SuperStep 29 : 0.0208748
SuperStep 30 : 0.022463
SuperStep 31 : 0.0118656
SuperStep 32 : 0.0216351
SuperStep 33 : 0.0216864
SuperStep 34 : 0.0240897
SuperStep 35 : 0.0228813
SuperStep 36 : 0.0216005
SuperStep 37 : 0.0202168
SuperStep 38 : 0.0208969
SuperStep 39 : 0.0226053
SuperStep 40 : 0.0192048
SuperStep 41 : 0.0216603
SuperStep 42 : 0.0207995
SuperStep 43 : 0.0165127
SuperStep 44 : 0.0231928
SuperStep 45 : 0.0226303
SuperStep 46 : 0.0205243
SuperStep 47 : 0.0220433
SuperStep 48 : 0.0209594
SuperStep 49 : 0.0239414
SuperStep 50 : 0.0221908
SuperStep 51 : 0.0218958

DistributionDurations:
SuperStep 1 : 3.57E-5
SuperStep 2 : 3.26E-5
SuperStep 3 : 6.615E-4
SuperStep 4 : 1.351E-4
SuperStep 5 : 1.098E-4
SuperStep 6 : 8.98E-5
SuperStep 7 : 7.4E-6
SuperStep 8 : 1.409E-4
SuperStep 9 : 2.444E-4
SuperStep 10 : 1.009E-4
SuperStep 11 : 6.66E-5
SuperStep 12 : 7.0E-6
SuperStep 13 : 7.37E-5
SuperStep 14 : 7.96E-5
SuperStep 15 : 9.78E-5
SuperStep 16 : 2.008E-4
SuperStep 17 : 7.6E-6
SuperStep 18 : 1.003E-4
SuperStep 19 : 9.36E-5
SuperStep 20 : 1.588E-4
SuperStep 21 : 3.929E-4
SuperStep 22 : 1.06E-5
SuperStep 23 : 1.007E-4
SuperStep 24 : 8.4E-5
SuperStep 25 : 1.209E-4
SuperStep 26 : 1.081E-4
SuperStep 27 : 1.2E-5
SuperStep 28 : 1.802E-4
SuperStep 29 : 3.139E-4
SuperStep 30 : 1.788E-4
SuperStep 31 : 2.372E-4
SuperStep 32 : 1.02E-5
SuperStep 33 : 6.58E-5
SuperStep 34 : 6.31E-5
SuperStep 35 : 1.245E-4
SuperStep 36 : 1.091E-4
SuperStep 37 : 1.04E-5
SuperStep 38 : 9.53E-5
SuperStep 39 : 7.46E-5
SuperStep 40 : 1.754E-4
SuperStep 41 : 1.004E-4
SuperStep 42 : 1.11E-5
SuperStep 43 : 8.78E-5
SuperStep 44 : 1.608E-4
SuperStep 45 : 5.97E-5
SuperStep 46 : 8.27E-5
SuperStep 47 : 8.5E-6
SuperStep 48 : 3.569E-4
SuperStep 49 : 1.193E-4
SuperStep 50 : 2.753E-4
SuperStep 51 : 6.8E-5

ExecutionDurations:
SuperStep 1 : 0.0127373
SuperStep 2 : 0.0182973
SuperStep 3 : 0.018771
SuperStep 4 : 0.019406
SuperStep 5 : 0.0197741
SuperStep 6 : 0.0197275
SuperStep 7 : 0.0189104
SuperStep 8 : 0.0190342
SuperStep 9 : 0.0197912
SuperStep 10 : 0.016939
SuperStep 11 : 0.0201676
SuperStep 12 : 0.0192649
SuperStep 13 : 0.0210011
SuperStep 14 : 0.0212482
SuperStep 15 : 0.0215107
SuperStep 16 : 0.0201272
SuperStep 17 : 0.0211102
SuperStep 18 : 0.0196288
SuperStep 19 : 0.0210088
SuperStep 20 : 0.0203059
SuperStep 21 : 0.0195691
SuperStep 22 : 0.0205318
SuperStep 23 : 0.0219031
SuperStep 24 : 0.0198519
SuperStep 25 : 0.0205929
SuperStep 26 : 0.0212262
SuperStep 27 : 0.0219041
SuperStep 28 : 0.0201933
SuperStep 29 : 0.0199043
SuperStep 30 : 0.0218032
SuperStep 31 : 0.0108299
SuperStep 32 : 0.02033
SuperStep 33 : 0.0209678
SuperStep 34 : 0.023047
SuperStep 35 : 0.0218535
SuperStep 36 : 0.0205408
SuperStep 37 : 0.0195676
SuperStep 38 : 0.0197505
SuperStep 39 : 0.021559
SuperStep 40 : 0.0185892
SuperStep 41 : 0.0203246
SuperStep 42 : 0.0199454
SuperStep 43 : 0.0155216
SuperStep 44 : 0.0223697
SuperStep 45 : 0.0222458
SuperStep 46 : 0.0193291
SuperStep 47 : 0.0216655
SuperStep 48 : 0.0196981
SuperStep 49 : 0.022409
SuperStep 50 : 0.0204403
SuperStep 51 : 0.021229

MessagingDurations:
SuperStep 1 : 0.0273113
SuperStep 2 : 4.74E-4
SuperStep 3 : 0.0010855
SuperStep 4 : 7.792E-4
SuperStep 5 : 5.128E-4
SuperStep 6 : 4.837E-4
SuperStep 7 : 3.931E-4
SuperStep 8 : 5.264E-4
SuperStep 9 : 3.825E-4
SuperStep 10 : 1.701E-4
SuperStep 11 : 0.0019048
SuperStep 12 : 8.603E-4
SuperStep 13 : 4.954E-4
SuperStep 14 : 4.843E-4
SuperStep 15 : 3.143E-4
SuperStep 16 : 4.63E-4
SuperStep 17 : 3.112E-4
SuperStep 18 : 8.883E-4
SuperStep 19 : 0.0012602
SuperStep 20 : 5.53E-4
SuperStep 21 : 0.0014718
SuperStep 22 : 8.138E-4
SuperStep 23 : 3.493E-4
SuperStep 24 : 4.998E-4
SuperStep 25 : 5.229E-4
SuperStep 26 : 8.646E-4
SuperStep 27 : 7.781E-4
SuperStep 28 : 5.458E-4
SuperStep 29 : 4.947E-4
SuperStep 30 : 2.849E-4
SuperStep 31 : 5.356E-4
SuperStep 32 : 4.657E-4
SuperStep 33 : 3.951E-4
SuperStep 34 : 6.709E-4
SuperStep 35 : 5.355E-4
SuperStep 36 : 7.975E-4
SuperStep 37 : 4.25E-4
SuperStep 38 : 8.836E-4
SuperStep 39 : 7.688E-4
SuperStep 40 : 2.091E-4
SuperStep 41 : 6.934E-4
SuperStep 42 : 4.825E-4
SuperStep 43 : 5.899E-4
SuperStep 44 : 3.136E-4
SuperStep 45 : 2.028E-4
SuperStep 46 : 8.952E-4
SuperStep 47 : 2.459E-4
SuperStep 48 : 6.677E-4
SuperStep 49 : 0.0012213
SuperStep 50 : 9.544E-4
SuperStep 51 : 2.23E-4

MessageNums:
SuperStep 1 : 3.0
SuperStep 2 : 0.0
SuperStep 3 : 2.0
SuperStep 4 : 1.0
SuperStep 5 : 0.0
SuperStep 6 : 3.0
SuperStep 7 : 0.0
SuperStep 8 : 2.0
SuperStep 9 : 1.0
SuperStep 10 : 0.0
SuperStep 11 : 3.0
SuperStep 12 : 0.0
SuperStep 13 : 2.0
SuperStep 14 : 1.0
SuperStep 15 : 0.0
SuperStep 16 : 3.0
SuperStep 17 : 0.0
SuperStep 18 : 2.0
SuperStep 19 : 1.0
SuperStep 20 : 0.0
SuperStep 21 : 3.0
SuperStep 22 : 0.0
SuperStep 23 : 2.0
SuperStep 24 : 1.0
SuperStep 25 : 0.0
SuperStep 26 : 3.0
SuperStep 27 : 0.0
SuperStep 28 : 2.0
SuperStep 29 : 1.0
SuperStep 30 : 0.0
SuperStep 31 : 3.0
SuperStep 32 : 0.0
SuperStep 33 : 2.0
SuperStep 34 : 1.0
SuperStep 35 : 0.0
SuperStep 36 : 3.0
SuperStep 37 : 0.0
SuperStep 38 : 2.0
SuperStep 39 : 1.0
SuperStep 40 : 0.0
SuperStep 41 : 3.0
SuperStep 42 : 0.0
SuperStep 43 : 2.0
SuperStep 44 : 1.0
SuperStep 45 : 0.0
SuperStep 46 : 3.0
SuperStep 47 : 0.0
SuperStep 48 : 2.0
SuperStep 49 : 1.0
SuperStep 50 : 0.0
SuperStep 51 : 0.0

Worker's vertex group - Vertex numbers: 31
Worker's vertex group - Edge numbers: 60

TotalDurations - Sum: 1.1218763, Mean: 0.02199757450980392, Min: 0.0118656, Max: 0.0588487, Std Dev: 0.005639449544125496
DistributionDurations - Sum: 0.0062421, Mean: 1.2239411764705882E-4, Min: 7.0E-6, Max: 6.615E-4, Std Dev: 1.174155822908777E-4
ExecutionDurations - Sum: 1.0184547, Mean: 0.0199697, Min: 0.0108299, Max: 0.023047, Std Dev: 0.0021651113545496916
MessagingDurations - Sum: 0.0584556, Mean: 0.001146188235294117, Min: 1.701E-4, Max: 0.0273113, Std Dev: 0.0037523366423948185
MessageNums - Sum: 60.0, Mean: 1.1764705882352942, Min: 0.0, Max: 3.0, Std Dev: 1.178233972569815
Worker total operation time: 6.076489