TotalDurations:
SuperStep 1 : 0.0
SuperStep 2 : 0.0
SuperStep 3 : 0.069067752
SuperStep 4 : 0.068471994
SuperStep 5 : 0.048701313
SuperStep 6 : 0.054421229
SuperStep 7 : 0.057995015
SuperStep 8 : 0.057897864
SuperStep 9 : 0.055738395
SuperStep 10 : 0.062796708
SuperStep 11 : 0.052001316
SuperStep 12 : 0.116604438
SuperStep 13 : 0.056251879
SuperStep 14 : 0.068302625
SuperStep 15 : 0.058134073
SuperStep 16 : 0.071365232
SuperStep 17 : 0.073767755
SuperStep 18 : 0.086211436
SuperStep 19 : 0.074372802
SuperStep 20 : 0.063477465
SuperStep 21 : 0.043365603
SuperStep 22 : 0.125099696
SuperStep 23 : 0.068801093
SuperStep 24 : 0.072647057
SuperStep 25 : 0.05450553
SuperStep 26 : 0.0519064
SuperStep 27 : 0.046328474
SuperStep 28 : 0.059050968
SuperStep 29 : 0.060618171
SuperStep 30 : 0.06394185
SuperStep 31 : 0.053019554
SuperStep 32 : 0.078872076
SuperStep 33 : 0.065343037
SuperStep 34 : 0.058560113
SuperStep 35 : 0.051238423
SuperStep 36 : 0.056452048
SuperStep 37 : 0.05439867
SuperStep 38 : 0.068124805
SuperStep 39 : 0.069828201
SuperStep 40 : 0.058631214
SuperStep 41 : 0.057942145
SuperStep 42 : 0.081765104
SuperStep 43 : 0.070118259
SuperStep 44 : 0.082327967
SuperStep 45 : 0.072469097
SuperStep 46 : 0.054839448
SuperStep 47 : 0.08952401
SuperStep 48 : 0.057296238
SuperStep 49 : 0.054360676
SuperStep 50 : 0.065398841
SuperStep 51 : 0.059589317

DistributionDurations:
SuperStep 1 : 2.1163E-5
SuperStep 2 : 0.001424793
SuperStep 3 : 2.23497E-4
SuperStep 4 : 1.71744E-4
SuperStep 5 : 1.77889E-4
SuperStep 6 : 1.62454E-4
SuperStep 7 : 1.70276E-4
SuperStep 8 : 2.43542E-4
SuperStep 9 : 2.21192E-4
SuperStep 10 : 1.93395E-4
SuperStep 11 : 1.00504E-4
SuperStep 12 : 2.22519E-4
SuperStep 13 : 2.48082E-4
SuperStep 14 : 3.14711E-4
SuperStep 15 : 2.26361E-4
SuperStep 16 : 1.13704E-4
SuperStep 17 : 2.0464E-4
SuperStep 18 : 1.44086E-4
SuperStep 19 : 3.3336E-4
SuperStep 20 : 1.30676E-4
SuperStep 21 : 9.4917E-5
SuperStep 22 : 1.82429E-4
SuperStep 23 : 2.42285E-4
SuperStep 24 : 1.75515E-4
SuperStep 25 : 2.00029E-4
SuperStep 26 : 1.45413E-4
SuperStep 27 : 1.56099E-4
SuperStep 28 : 1.83617E-4
SuperStep 29 : 1.72791E-4
SuperStep 30 : 1.24041E-4
SuperStep 31 : 1.57774E-4
SuperStep 32 : 2.37186E-4
SuperStep 33 : 1.87179E-4
SuperStep 34 : 2.03591E-4
SuperStep 35 : 2.06875E-4
SuperStep 36 : 1.11609E-4
SuperStep 37 : 1.38359E-4
SuperStep 38 : 1.96607E-4
SuperStep 39 : 1.36753E-4
SuperStep 40 : 1.55191E-4
SuperStep 41 : 1.16708E-4
SuperStep 42 : 1.98702E-4
SuperStep 43 : 1.18593E-4
SuperStep 44 : 1.78518E-4
SuperStep 45 : 1.56239E-4
SuperStep 46 : 1.49883E-4
SuperStep 47 : 1.47019E-4
SuperStep 48 : 1.14962E-4
SuperStep 49 : 1.77052E-4
SuperStep 50 : 1.84804E-4
SuperStep 51 : 1.01202E-4

ExecutionDurations:
SuperStep 1 : 9.14452E-4
SuperStep 2 : 6.81596E-4
SuperStep 3 : 1.7349E-4
SuperStep 4 : 1.41083E-4
SuperStep 5 : 1.73489E-4
SuperStep 6 : 1.45203E-4
SuperStep 7 : 1.97585E-4
SuperStep 8 : 2.17002E-4
SuperStep 9 : 2.58558E-4
SuperStep 10 : 3.23232E-4
SuperStep 11 : 2.03173E-4
SuperStep 12 : 2.72876E-4
SuperStep 13 : 3.37201E-4
SuperStep 14 : 3.23651E-4
SuperStep 15 : 2.8866E-4
SuperStep 16 : 3.41532E-4
SuperStep 17 : 3.05213E-4
SuperStep 18 : 4.12632E-4
SuperStep 19 : 1.75585E-4
SuperStep 20 : 1.27952E-4
SuperStep 21 : 1.90252E-4
SuperStep 22 : 2.51923E-4
SuperStep 23 : 2.15744E-4
SuperStep 24 : 1.41153E-4
SuperStep 25 : 1.83547E-4
SuperStep 26 : 2.03662E-4
SuperStep 27 : 1.66854E-4
SuperStep 28 : 1.63921E-4
SuperStep 29 : 2.12252E-4
SuperStep 30 : 1.4199E-4
SuperStep 31 : 1.96887E-4
SuperStep 32 : 2.23427E-4
SuperStep 33 : 1.90671E-4
SuperStep 34 : 1.39127E-4
SuperStep 35 : 2.1763E-4
SuperStep 36 : 2.95226E-4
SuperStep 37 : 2.2657E-4
SuperStep 38 : 1.7314E-4
SuperStep 39 : 1.25787E-4
SuperStep 40 : 1.79985E-4
SuperStep 41 : 2.67917E-4
SuperStep 42 : 2.43123E-4
SuperStep 43 : 2.06315E-4
SuperStep 44 : 2.1763E-4
SuperStep 45 : 2.25523E-4
SuperStep 46 : 2.31668E-4
SuperStep 47 : 2.32367E-4
SuperStep 48 : 1.3354E-4
SuperStep 49 : 2.1805E-4
SuperStep 50 : 1.95211E-4
SuperStep 51 : 3.03258E-4

MessagingDurations:
SuperStep 1 : 0.014598542
SuperStep 2 : 0.010060436
SuperStep 3 : 0.015768269
SuperStep 4 : 0.007705337
SuperStep 5 : 0.002277295
SuperStep 6 : 0.008076621
SuperStep 7 : 0.003812648
SuperStep 8 : 0.00904129
SuperStep 9 : 0.001397135
SuperStep 10 : 0.003428793
SuperStep 11 : 0.017961403
SuperStep 12 : 0.0134043
SuperStep 13 : 0.011337791
SuperStep 14 : 0.008702901
SuperStep 15 : 0.009242786
SuperStep 16 : 0.013629194
SuperStep 17 : 0.011377043
SuperStep 18 : 0.021170959
SuperStep 19 : 0.004239877
SuperStep 20 : 6.60433E-4
SuperStep 21 : 0.010082926
SuperStep 22 : 0.014514311
SuperStep 23 : 0.016818565
SuperStep 24 : 0.002555618
SuperStep 25 : 0.00382976
SuperStep 26 : 2.82444E-4
SuperStep 27 : 0.014302198
SuperStep 28 : 0.015008588
SuperStep 29 : 0.002839669
SuperStep 30 : 7.72531E-4
SuperStep 31 : 0.011323404
SuperStep 32 : 0.011601028
SuperStep 33 : 0.009533472
SuperStep 34 : 0.009824996
SuperStep 35 : 0.005121642
SuperStep 36 : 0.012211384
SuperStep 37 : 0.014258966
SuperStep 38 : 0.018132727
SuperStep 39 : 0.00873901
SuperStep 40 : 2.19027E-4
SuperStep 41 : 0.011127284
SuperStep 42 : 0.013573878
SuperStep 43 : 0.015540582
SuperStep 44 : 9.45741E-4
SuperStep 45 : 0.008909567
SuperStep 46 : 0.019549209
SuperStep 47 : 0.011127215
SuperStep 48 : 0.015472694
SuperStep 49 : 0.009495477
SuperStep 50 : 0.001155339
SuperStep 51 : 6.1531E-5

MessageNums:
SuperStep 1 : 3.0
SuperStep 2 : 4.0
SuperStep 3 : 5.0
SuperStep 4 : 2.0
SuperStep 5 : 1.0
SuperStep 6 : 3.0
SuperStep 7 : 4.0
SuperStep 8 : 5.0
SuperStep 9 : 2.0
SuperStep 10 : 1.0
SuperStep 11 : 3.0
SuperStep 12 : 4.0
SuperStep 13 : 5.0
SuperStep 14 : 2.0
SuperStep 15 : 1.0
SuperStep 16 : 3.0
SuperStep 17 : 4.0
SuperStep 18 : 5.0
SuperStep 19 : 2.0
SuperStep 20 : 1.0
SuperStep 21 : 3.0
SuperStep 22 : 4.0
SuperStep 23 : 5.0
SuperStep 24 : 2.0
SuperStep 25 : 1.0
SuperStep 26 : 3.0
SuperStep 27 : 4.0
SuperStep 28 : 5.0
SuperStep 29 : 2.0
SuperStep 30 : 1.0
SuperStep 31 : 3.0
SuperStep 32 : 4.0
SuperStep 33 : 5.0
SuperStep 34 : 2.0
SuperStep 35 : 1.0
SuperStep 36 : 3.0
SuperStep 37 : 4.0
SuperStep 38 : 5.0
SuperStep 39 : 2.0
SuperStep 40 : 1.0
SuperStep 41 : 3.0
SuperStep 42 : 4.0
SuperStep 43 : 5.0
SuperStep 44 : 2.0
SuperStep 45 : 1.0
SuperStep 46 : 3.0
SuperStep 47 : 4.0
SuperStep 48 : 5.0
SuperStep 49 : 2.0
SuperStep 50 : 1.0
SuperStep 51 : 0.0

Worker's vertex group - Vertex numbers: 91
Worker's vertex group - Edge numbers: 140

TotalDurations - Sum: 3.201943376, Mean: 0.0627832034509804, Min: 0.0, Max: 0.125099696, Std Dev: 0.01985163795649099
DistributionDurations - Sum: 0.01010053, Mean: 1.9804960784313726E-4, Min: 2.1163E-5, Max: 0.001424793, Std Dev: 1.8350170094002705E-4
ExecutionDurations - Sum: 0.012328515, Mean: 2.4173558823529414E-4, Min: 1.25787E-4, Max: 9.14452E-4, Std Dev: 1.3179125376263425E-4
MessagingDurations - Sum: 0.476823836, Mean: 0.009349486980392157, Min: 6.1531E-5, Max: 0.021170959, Std Dev: 0.005786703802215269
MessageNums - Sum: 150.0, Mean: 2.9411764705882355, Min: 0.0, Max: 5.0, Std Dev: 1.4752866122334651
Worker total operation time: 3.684598105