TotalDurations:
SuperStep 1 : 0.0507178
SuperStep 2 : 0.0237505
SuperStep 3 : 0.0230076
SuperStep 4 : 0.0391065
SuperStep 5 : 0.0507502
SuperStep 6 : 0.0541654
SuperStep 7 : 0.0228104
SuperStep 8 : 0.0393891
SuperStep 9 : 0.0369297
SuperStep 10 : 3.242E-4
SuperStep 11 : 0.0253877
SuperStep 12 : 0.0228056
SuperStep 13 : 0.0232737
SuperStep 14 : 0.0384032
SuperStep 15 : 0.0516777
SuperStep 16 : 0.0533357
SuperStep 17 : 0.0144028
SuperStep 18 : 0.0380257
SuperStep 19 : 0.0366785
SuperStep 20 : 3.754E-4
SuperStep 21 : 0.0220789
SuperStep 22 : 0.0251035
SuperStep 23 : 0.023435
SuperStep 24 : 0.0402344
SuperStep 25 : 0.0513224
SuperStep 26 : 0.052933
SuperStep 27 : 0.0223777
SuperStep 28 : 0.0382078
SuperStep 29 : 0.0367601
SuperStep 30 : 4.679E-4
SuperStep 31 : 0.0231701
SuperStep 32 : 0.0217937
SuperStep 33 : 0.0191496
SuperStep 34 : 0.0375303
SuperStep 35 : 0.0533826
SuperStep 36 : 0.0530814
SuperStep 37 : 0.021805
SuperStep 38 : 0.036939
SuperStep 39 : 0.0375343
SuperStep 40 : 3.465E-4
SuperStep 41 : 0.023534
SuperStep 42 : 0.0231893
SuperStep 43 : 0.0224382
SuperStep 44 : 0.0377083
SuperStep 45 : 0.053298
SuperStep 46 : 0.053123
SuperStep 47 : 0.0216892
SuperStep 48 : 0.0376151
SuperStep 49 : 0.0386029
SuperStep 50 : 3.399E-4
SuperStep 51 : 0.0231869
SuperStep 52 : 0.0230222
SuperStep 53 : 0.0201776
SuperStep 54 : 0.0376721
SuperStep 55 : 0.0508504
SuperStep 56 : 0.053748
SuperStep 57 : 0.0229674
SuperStep 58 : 0.0388138
SuperStep 59 : 0.0375002
SuperStep 60 : 0.0012974
SuperStep 61 : 0.0233249
SuperStep 62 : 0.0219008
SuperStep 63 : 0.0236245
SuperStep 64 : 0.0373296
SuperStep 65 : 0.0521493
SuperStep 66 : 0.0152181
SuperStep 67 : 0.0337521
SuperStep 68 : 0.0542178
SuperStep 69 : 0.0571311
SuperStep 70 : 8.301E-4
SuperStep 71 : 0.0228433
SuperStep 72 : 0.0238159
SuperStep 73 : 0.0247919
SuperStep 74 : 0.0355236
SuperStep 75 : 0.0544334
SuperStep 76 : 0.0534569
SuperStep 77 : 0.0197578
SuperStep 78 : 0.0376532
SuperStep 79 : 0.0375577
SuperStep 80 : 3.755E-4
SuperStep 81 : 0.0237043
SuperStep 82 : 0.0205384
SuperStep 83 : 0.0230977
SuperStep 84 : 0.0383952
SuperStep 85 : 0.0530844
SuperStep 86 : 0.0519672
SuperStep 87 : 0.0247279
SuperStep 88 : 0.0388586
SuperStep 89 : 0.0329236
SuperStep 90 : 2.911E-4
SuperStep 91 : 0.0223069
SuperStep 92 : 0.0209584
SuperStep 93 : 0.0232917
SuperStep 94 : 0.0357427
SuperStep 95 : 0.0534979
SuperStep 96 : 0.0536189
SuperStep 97 : 0.0224343
SuperStep 98 : 0.0378406
SuperStep 99 : 0.0380732
SuperStep 100 : 3.7E-4
SuperStep 101 : 0.0232867
SuperStep 102 : 0.0241946
SuperStep 103 : 0.0227294
SuperStep 104 : 0.0351657
SuperStep 105 : 0.0511586
SuperStep 106 : 0.054018
SuperStep 107 : 0.0240906
SuperStep 108 : 0.0338482
SuperStep 109 : 0.0410534
SuperStep 110 : 3.243E-4
SuperStep 111 : 0.0224554
SuperStep 112 : 0.0238859
SuperStep 113 : 0.0212056
SuperStep 114 : 0.0365388
SuperStep 115 : 0.0533317
SuperStep 116 : 0.0532451
SuperStep 117 : 0.021936
SuperStep 118 : 0.0358531
SuperStep 119 : 0.0387991
SuperStep 120 : 3.341E-4
SuperStep 121 : 0.0227666
SuperStep 122 : 0.0227392
SuperStep 123 : 0.0231425
SuperStep 124 : 0.038233
SuperStep 125 : 0.0529626
SuperStep 126 : 0.0547697
SuperStep 127 : 0.023717
SuperStep 128 : 0.0397015
SuperStep 129 : 0.0363022
SuperStep 130 : 4.106E-4
SuperStep 131 : 0.0213593
SuperStep 132 : 0.0231567
SuperStep 133 : 0.0226696
SuperStep 134 : 0.0383572
SuperStep 135 : 0.053313
SuperStep 136 : 0.0533129
SuperStep 137 : 0.0239443
SuperStep 138 : 0.0381122
SuperStep 139 : 0.0384036
SuperStep 140 : 1.785E-4
SuperStep 141 : 0.0235289
SuperStep 142 : 0.0209541
SuperStep 143 : 0.0231912
SuperStep 144 : 0.0382285
SuperStep 145 : 0.053919
SuperStep 146 : 0.054721
SuperStep 147 : 0.0238479
SuperStep 148 : 0.03582
SuperStep 149 : 0.0384511
SuperStep 150 : 3.574E-4
SuperStep 151 : 0.0214337
SuperStep 152 : 0.0236988
SuperStep 153 : 0.0241355
SuperStep 154 : 0.0374491
SuperStep 155 : 0.05451
SuperStep 156 : 0.0482482
SuperStep 157 : 0.0226988
SuperStep 158 : 0.0395635
SuperStep 159 : 0.0382522
SuperStep 160 : 8.921E-4
SuperStep 161 : 0.0222742
SuperStep 162 : 0.0235313
SuperStep 163 : 0.0233908
SuperStep 164 : 0.0374021
SuperStep 165 : 0.0512656
SuperStep 166 : 0.051988
SuperStep 167 : 0.0243788
SuperStep 168 : 0.0371829
SuperStep 169 : 0.0385798
SuperStep 170 : 0.0011691
SuperStep 171 : 0.0238435
SuperStep 172 : 0.0221466
SuperStep 173 : 0.0245621
SuperStep 174 : 0.0335262
SuperStep 175 : 0.0465089
SuperStep 176 : 0.0523917
SuperStep 177 : 0.0218167
SuperStep 178 : 0.036347
SuperStep 179 : 0.0392779
SuperStep 180 : 2.466E-4
SuperStep 181 : 0.0236974
SuperStep 182 : 0.0224733
SuperStep 183 : 0.0366907
SuperStep 184 : 0.0522992
SuperStep 185 : 0.0535419
SuperStep 186 : 0.0248095
SuperStep 187 : 0.0406926
SuperStep 188 : 0.0398035
SuperStep 189 : 1.867E-4
SuperStep 190 : 0.0231404
SuperStep 191 : 0.0240589
SuperStep 192 : 0.0230561
SuperStep 193 : 0.0391241
SuperStep 194 : 0.0540516
SuperStep 195 : 0.0538688
SuperStep 196 : 0.0234767
SuperStep 197 : 0.0342787
SuperStep 198 : 0.0378858
SuperStep 199 : 2.668E-4
SuperStep 200 : 0.0234065
SuperStep 201 : 0.0225431
SuperStep 202 : 0.0237416
SuperStep 203 : 0.038261
SuperStep 204 : 0.0542795
SuperStep 205 : 0.0524772
SuperStep 206 : 0.0239691
SuperStep 207 : 0.0353152
SuperStep 208 : 0.0382525
SuperStep 209 : 3.391E-4
SuperStep 210 : 0.0220287
SuperStep 211 : 0.0207056
SuperStep 212 : 0.0236993
SuperStep 213 : 0.0381147
SuperStep 214 : 0.046211
SuperStep 215 : 0.0510829
SuperStep 216 : 0.0239208
SuperStep 217 : 0.0388879
SuperStep 218 : 0.0381754
SuperStep 219 : 2.267E-4
SuperStep 220 : 0.0214109
SuperStep 221 : 0.0237372
SuperStep 222 : 0.0251078
SuperStep 223 : 0.0361947
SuperStep 224 : 0.0533812
SuperStep 225 : 0.05272
SuperStep 226 : 0.0243101
SuperStep 227 : 0.036916
SuperStep 228 : 0.0376422
SuperStep 229 : 2.391E-4
SuperStep 230 : 0.0232796
SuperStep 231 : 0.0227015
SuperStep 232 : 0.0226575
SuperStep 233 : 0.0392832
SuperStep 234 : 0.04995
SuperStep 235 : 0.0529929
SuperStep 236 : 0.0260666
SuperStep 237 : 0.0386635
SuperStep 238 : 0.0376552
SuperStep 239 : 3.832E-4
SuperStep 240 : 0.0222133
SuperStep 241 : 0.0232604
SuperStep 242 : 0.0210273
SuperStep 243 : 0.0381125
SuperStep 244 : 0.0500882
SuperStep 245 : 0.0482831
SuperStep 246 : 0.0141344
SuperStep 247 : 0.0381452
SuperStep 248 : 0.0381911
SuperStep 249 : 2.785E-4
SuperStep 250 : 0.0237583
SuperStep 251 : 0.0115612
SuperStep 252 : 0.0252045
SuperStep 253 : 0.0366026
SuperStep 254 : 0.0548651
SuperStep 255 : 0.0528022
SuperStep 256 : 0.023309
SuperStep 257 : 0.0401504
SuperStep 258 : 0.0379397
SuperStep 259 : 2.669E-4
SuperStep 260 : 0.0239345
SuperStep 261 : 0.0250428
SuperStep 262 : 0.0220026
SuperStep 263 : 0.0396209
SuperStep 264 : 0.0538625
SuperStep 265 : 0.0530965
SuperStep 266 : 0.0245255
SuperStep 267 : 0.037756
SuperStep 268 : 0.0402014
SuperStep 269 : 2.284E-4
SuperStep 270 : 0.0243942
SuperStep 271 : 0.026116
SuperStep 272 : 0.024515
SuperStep 273 : 0.038218
SuperStep 274 : 0.0465545
SuperStep 275 : 0.0531403
SuperStep 276 : 0.023386
SuperStep 277 : 0.0399055
SuperStep 278 : 0.0375951
SuperStep 279 : 3.671E-4
SuperStep 280 : 0.0231079
SuperStep 281 : 0.0240615
SuperStep 282 : 0.0239308
SuperStep 283 : 0.0388669
SuperStep 284 : 0.045375
SuperStep 285 : 0.0534814
SuperStep 286 : 0.0243038
SuperStep 287 : 0.0340767
SuperStep 288 : 0.0346485
SuperStep 289 : 4.756E-4
SuperStep 290 : 0.0194178
SuperStep 291 : 0.0223082
SuperStep 292 : 0.0231987
SuperStep 293 : 0.040582
SuperStep 294 : 0.0527041
SuperStep 295 : 0.0524342
SuperStep 296 : 0.0236102
SuperStep 297 : 0.0403863
SuperStep 298 : 0.0375751
SuperStep 299 : 3.851E-4
SuperStep 300 : 0.0250033
SuperStep 301 : 0.0226892
SuperStep 302 : 0.0226122
SuperStep 303 : 0.0387312
SuperStep 304 : 0.0531596
SuperStep 305 : 0.0542757
SuperStep 306 : 0.0247409
SuperStep 307 : 0.0389675
SuperStep 308 : 0.0385011
SuperStep 309 : 0.0012734
SuperStep 310 : 0.0229308
SuperStep 311 : 0.0247752
SuperStep 312 : 0.0229929
SuperStep 313 : 0.039058
SuperStep 314 : 0.0525367
SuperStep 315 : 0.0516386
SuperStep 316 : 0.0242132
SuperStep 317 : 0.036482
SuperStep 318 : 0.0382985
SuperStep 319 : 5.88E-4
SuperStep 320 : 0.0229233
SuperStep 321 : 0.0187316
SuperStep 322 : 0.0225998
SuperStep 323 : 0.0394227
SuperStep 324 : 0.0532151
SuperStep 325 : 0.052758
SuperStep 326 : 0.0227341
SuperStep 327 : 0.0386181
SuperStep 328 : 0.0373437
SuperStep 329 : 7.551E-4
SuperStep 330 : 0.0237716
SuperStep 331 : 0.024288
SuperStep 332 : 0.0224878
SuperStep 333 : 0.037939
SuperStep 334 : 0.0519683
SuperStep 335 : 0.0537038
SuperStep 336 : 0.0237769
SuperStep 337 : 0.0385656
SuperStep 338 : 0.0357219
SuperStep 339 : 4.435E-4
SuperStep 340 : 0.0224244
SuperStep 341 : 0.0226308
SuperStep 342 : 0.0150593
SuperStep 343 : 0.0383059
SuperStep 344 : 0.0678208
SuperStep 345 : 0.0543988
SuperStep 346 : 0.0238216
SuperStep 347 : 0.0388853
SuperStep 348 : 0.0364809
SuperStep 349 : 8.81E-4
SuperStep 350 : 0.0238932
SuperStep 351 : 0.0219386
SuperStep 352 : 0.0233952
SuperStep 353 : 0.0377164
SuperStep 354 : 0.0533872
SuperStep 355 : 0.0529715
SuperStep 356 : 0.0228264
SuperStep 357 : 0.0371851
SuperStep 358 : 0.0381907
SuperStep 359 : 5.71E-4
SuperStep 360 : 0.0241239
SuperStep 361 : 0.0256939
SuperStep 362 : 0.0232995
SuperStep 363 : 0.0383734
SuperStep 364 : 0.0520325
SuperStep 365 : 0.0517482
SuperStep 366 : 0.0237545
SuperStep 367 : 0.0385362
SuperStep 368 : 0.0384172
SuperStep 369 : 7.02E-4
SuperStep 370 : 0.023753
SuperStep 371 : 0.0240041
SuperStep 372 : 0.0178888
SuperStep 373 : 0.0386546
SuperStep 374 : 0.0533227
SuperStep 375 : 0.0539412
SuperStep 376 : 0.0240925
SuperStep 377 : 0.0384034
SuperStep 378 : 0.0373843
SuperStep 379 : 0.0011305
SuperStep 380 : 0.0221835
SuperStep 381 : 0.0235714
SuperStep 382 : 0.0232874
SuperStep 383 : 0.038147
SuperStep 384 : 0.0539698
SuperStep 385 : 0.0525223
SuperStep 386 : 0.024318
SuperStep 387 : 0.0385499
SuperStep 388 : 0.0382096
SuperStep 389 : 5.764E-4
SuperStep 390 : 0.0218408
SuperStep 391 : 0.024628
SuperStep 392 : 0.0239473
SuperStep 393 : 0.0384512
SuperStep 394 : 0.0548132
SuperStep 395 : 0.050988
SuperStep 396 : 0.023334
SuperStep 397 : 0.0392115
SuperStep 398 : 0.0361394
SuperStep 399 : 4.046E-4
SuperStep 400 : 0.0233869
SuperStep 401 : 0.0200737
SuperStep 402 : 0.0233516
SuperStep 403 : 0.0384566
SuperStep 404 : 0.0526304
SuperStep 405 : 0.0485016
SuperStep 406 : 0.0242498
SuperStep 407 : 0.0363646
SuperStep 408 : 0.0384906
SuperStep 409 : 7.914E-4
SuperStep 410 : 0.023255
SuperStep 411 : 0.0243903
SuperStep 412 : 0.0233178
SuperStep 413 : 0.0417143
SuperStep 414 : 0.0528435
SuperStep 415 : 0.0534169
SuperStep 416 : 0.0242384
SuperStep 417 : 0.0394436
SuperStep 418 : 0.0388982
SuperStep 419 : 7.137E-4
SuperStep 420 : 0.0230303
SuperStep 421 : 0.0203309
SuperStep 422 : 0.0221813
SuperStep 423 : 0.03585
SuperStep 424 : 0.0538234
SuperStep 425 : 0.0522992
SuperStep 426 : 0.0238061
SuperStep 427 : 0.0399034
SuperStep 428 : 0.0366101
SuperStep 429 : 5.711E-4
SuperStep 430 : 0.0229917
SuperStep 431 : 0.0235774
SuperStep 432 : 0.0243289
SuperStep 433 : 0.0369361
SuperStep 434 : 0.0535483
SuperStep 435 : 0.0513302
SuperStep 436 : 0.0235997
SuperStep 437 : 0.0374017
SuperStep 438 : 0.0379377
SuperStep 439 : 5.74E-4
SuperStep 440 : 0.0194617
SuperStep 441 : 0.0238606
SuperStep 442 : 0.0238142
SuperStep 443 : 0.0369514
SuperStep 444 : 0.0533133
SuperStep 445 : 0.0487003
SuperStep 446 : 0.0227044
SuperStep 447 : 0.0399796
SuperStep 448 : 0.0381943
SuperStep 449 : 4.24E-4
SuperStep 450 : 0.0243129
SuperStep 451 : 0.0243934
SuperStep 452 : 0.0212065
SuperStep 453 : 0.0391485
SuperStep 454 : 0.0547115
SuperStep 455 : 0.0493393
SuperStep 456 : 0.0238419
SuperStep 457 : 0.0383807
SuperStep 458 : 0.0381617
SuperStep 459 : 3.607E-4
SuperStep 460 : 0.0242538
SuperStep 461 : 0.0228783
SuperStep 462 : 0.0225837
SuperStep 463 : 0.0394415
SuperStep 464 : 0.0464522
SuperStep 465 : 0.0471366
SuperStep 466 : 0.023751
SuperStep 467 : 0.038768
SuperStep 468 : 0.0352382
SuperStep 469 : 2.476E-4
SuperStep 470 : 0.0232477
SuperStep 471 : 0.0225784
SuperStep 472 : 0.0232776
SuperStep 473 : 0.0381823
SuperStep 474 : 0.0523363
SuperStep 475 : 0.0516582
SuperStep 476 : 0.0242387
SuperStep 477 : 0.0398934
SuperStep 478 : 0.0347231
SuperStep 479 : 5.343E-4
SuperStep 480 : 0.023155
SuperStep 481 : 0.022146
SuperStep 482 : 0.0203833
SuperStep 483 : 0.039872
SuperStep 484 : 0.0460083
SuperStep 485 : 0.0536169
SuperStep 486 : 0.022712
SuperStep 487 : 0.0411922
SuperStep 488 : 0.03836
SuperStep 489 : 6.358E-4
SuperStep 490 : 0.0236484
SuperStep 491 : 0.0243654
SuperStep 492 : 0.0230539
SuperStep 493 : 0.0382051
SuperStep 494 : 0.0529698
SuperStep 495 : 0.0536442
SuperStep 496 : 0.0235612
SuperStep 497 : 0.0386077
SuperStep 498 : 0.0379147
SuperStep 499 : 5.176E-4
SuperStep 500 : 0.0223314
SuperStep 501 : 5.829E-4
SuperStep 502 : 8.49E-4
SuperStep 503 : 2.232E-4
SuperStep 504 : 6.52E-4
SuperStep 505 : 4.654E-4
SuperStep 506 : 5.805E-4

DistributionDurations:
SuperStep 1 : 1.68E-5
SuperStep 2 : 3.605E-4
SuperStep 3 : 6.75E-5
SuperStep 4 : 6.82E-5
SuperStep 5 : 7.95E-5
SuperStep 6 : 7.6E-6
SuperStep 7 : 7.4E-5
SuperStep 8 : 1.076E-4
SuperStep 9 : 8.69E-5
SuperStep 10 : 7.5E-6
SuperStep 11 : 1.509E-4
SuperStep 12 : 8.1E-5
SuperStep 13 : 7.43E-5
SuperStep 14 : 8.77E-5
SuperStep 15 : 1.014E-4
SuperStep 16 : 7.8E-6
SuperStep 17 : 9.43E-5
SuperStep 18 : 1.665E-4
SuperStep 19 : 1.38E-4
SuperStep 20 : 6.1E-6
SuperStep 21 : 8.87E-5
SuperStep 22 : 6.62E-5
SuperStep 23 : 5.91E-5
SuperStep 24 : 2.564E-4
SuperStep 25 : 3.309E-4
SuperStep 26 : 9.1E-6
SuperStep 27 : 8.71E-5
SuperStep 28 : 9.25E-5
SuperStep 29 : 1.055E-4
SuperStep 30 : 8.6E-6
SuperStep 31 : 9.1E-5
SuperStep 32 : 1.096E-4
SuperStep 33 : 9.21E-5
SuperStep 34 : 8.67E-5
SuperStep 35 : 9.83E-5
SuperStep 36 : 7.6E-6
SuperStep 37 : 9.6E-5
SuperStep 38 : 1.154E-4
SuperStep 39 : 2.076E-4
SuperStep 40 : 8.2E-6
SuperStep 41 : 8.55E-5
SuperStep 42 : 9.96E-5
SuperStep 43 : 9.48E-5
SuperStep 44 : 9.49E-5
SuperStep 45 : 7.26E-5
SuperStep 46 : 7.4E-6
SuperStep 47 : 1.29E-4
SuperStep 48 : 7.22E-5
SuperStep 49 : 1.672E-4
SuperStep 50 : 6.5E-6
SuperStep 51 : 6.65E-5
SuperStep 52 : 8.03E-5
SuperStep 53 : 1.983E-4
SuperStep 54 : 9.32E-5
SuperStep 55 : 9.39E-5
SuperStep 56 : 8.8E-6
SuperStep 57 : 7.86E-5
SuperStep 58 : 3.862E-4
SuperStep 59 : 1.664E-4
SuperStep 60 : 1.42E-5
SuperStep 61 : 1.251E-4
SuperStep 62 : 1.51E-4
SuperStep 63 : 6.46E-5
SuperStep 64 : 1.618E-4
SuperStep 65 : 1.088E-4
SuperStep 66 : 7.7E-6
SuperStep 67 : 1.101E-4
SuperStep 68 : 8.07E-5
SuperStep 69 : 1.006E-4
SuperStep 70 : 4.4E-6
SuperStep 71 : 1.048E-4
SuperStep 72 : 9.56E-5
SuperStep 73 : 9.65E-5
SuperStep 74 : 6.67E-5
SuperStep 75 : 7.98E-5
SuperStep 76 : 1.0E-5
SuperStep 77 : 6.48E-5
SuperStep 78 : 1.008E-4
SuperStep 79 : 2.379E-4
SuperStep 80 : 6.0E-6
SuperStep 81 : 1.207E-4
SuperStep 82 : 1.403E-4
SuperStep 83 : 7.45E-5
SuperStep 84 : 1.323E-4
SuperStep 85 : 2.007E-4
SuperStep 86 : 5.4E-6
SuperStep 87 : 1.133E-4
SuperStep 88 : 1.805E-4
SuperStep 89 : 1.851E-4
SuperStep 90 : 3.5E-6
SuperStep 91 : 1.524E-4
SuperStep 92 : 5.18E-5
SuperStep 93 : 8.35E-5
SuperStep 94 : 6.85E-5
SuperStep 95 : 6.37E-5
SuperStep 96 : 5.3E-6
SuperStep 97 : 8.07E-5
SuperStep 98 : 7.32E-5
SuperStep 99 : 2.007E-4
SuperStep 100 : 3.2E-6
SuperStep 101 : 5.34E-5
SuperStep 102 : 3.752E-4
SuperStep 103 : 9.75E-5
SuperStep 104 : 4.82E-5
SuperStep 105 : 1.767E-4
SuperStep 106 : 5.1E-6
SuperStep 107 : 8.35E-5
SuperStep 108 : 1.157E-4
SuperStep 109 : 1.495E-4
SuperStep 110 : 5.3E-6
SuperStep 111 : 7.27E-5
SuperStep 112 : 1.237E-4
SuperStep 113 : 1.8E-4
SuperStep 114 : 9.43E-5
SuperStep 115 : 1.616E-4
SuperStep 116 : 3.19E-5
SuperStep 117 : 7.96E-5
SuperStep 118 : 3.195E-4
SuperStep 119 : 1.982E-4
SuperStep 120 : 1.5E-6
SuperStep 121 : 1.645E-4
SuperStep 122 : 3.842E-4
SuperStep 123 : 4.76E-5
SuperStep 124 : 1.696E-4
SuperStep 125 : 3.328E-4
SuperStep 126 : 3.8E-6
SuperStep 127 : 6.4E-5
SuperStep 128 : 1.391E-4
SuperStep 129 : 8.95E-5
SuperStep 130 : 5.3E-6
SuperStep 131 : 3.233E-4
SuperStep 132 : 6.66E-5
SuperStep 133 : 5.98E-5
SuperStep 134 : 6.61E-5
SuperStep 135 : 6.95E-5
SuperStep 136 : 5.2E-6
SuperStep 137 : 7.09E-5
SuperStep 138 : 1.351E-4
SuperStep 139 : 6.07E-5
SuperStep 140 : 3.7E-6
SuperStep 141 : 4.41E-5
SuperStep 142 : 2.296E-4
SuperStep 143 : 1.169E-4
SuperStep 144 : 2.23E-4
SuperStep 145 : 1.83E-4
SuperStep 146 : 7.7E-6
SuperStep 147 : 1.795E-4
SuperStep 148 : 2.809E-4
SuperStep 149 : 1.677E-4
SuperStep 150 : 6.4E-6
SuperStep 151 : 1.124E-4
SuperStep 152 : 1.468E-4
SuperStep 153 : 6.59E-5
SuperStep 154 : 4.75E-5
SuperStep 155 : 7.29E-5
SuperStep 156 : 1.18E-5
SuperStep 157 : 6.17E-5
SuperStep 158 : 2.282E-4
SuperStep 159 : 7.93E-5
SuperStep 160 : 2.5E-6
SuperStep 161 : 1.525E-4
SuperStep 162 : 4.63E-5
SuperStep 163 : 5.45E-5
SuperStep 164 : 2.339E-4
SuperStep 165 : 9.3E-5
SuperStep 166 : 6.8E-6
SuperStep 167 : 7.69E-5
SuperStep 168 : 1.964E-4
SuperStep 169 : 9.14E-5
SuperStep 170 : 8.9E-6
SuperStep 171 : 7.4E-5
SuperStep 172 : 1.66E-4
SuperStep 173 : 1.627E-4
SuperStep 174 : 1.863E-4
SuperStep 175 : 3.51E-4
SuperStep 176 : 8.1E-6
SuperStep 177 : 1.749E-4
SuperStep 178 : 5.4E-5
SuperStep 179 : 9.57E-5
SuperStep 180 : 4.6E-6
SuperStep 181 : 5.29E-5
SuperStep 182 : 5.42E-5
SuperStep 183 : 2.704E-4
SuperStep 184 : 6.54E-5
SuperStep 185 : 6.6E-6
SuperStep 186 : 7.51E-5
SuperStep 187 : 6.15E-5
SuperStep 188 : 8.15E-5
SuperStep 189 : 4.2E-6
SuperStep 190 : 2.536E-4
SuperStep 191 : 9.36E-5
SuperStep 192 : 1.865E-4
SuperStep 193 : 6.17E-5
SuperStep 194 : 1.623E-4
SuperStep 195 : 6.4E-6
SuperStep 196 : 2.639E-4
SuperStep 197 : 6.95E-5
SuperStep 198 : 1.256E-4
SuperStep 199 : 1.2E-6
SuperStep 200 : 9.55E-5
SuperStep 201 : 5.25E-5
SuperStep 202 : 1.776E-4
SuperStep 203 : 1.059E-4
SuperStep 204 : 7.53E-5
SuperStep 205 : 8.0E-6
SuperStep 206 : 9.14E-5
SuperStep 207 : 1.093E-4
SuperStep 208 : 8.11E-5
SuperStep 209 : 4.7E-6
SuperStep 210 : 5.36E-5
SuperStep 211 : 4.29E-5
SuperStep 212 : 7.3E-5
SuperStep 213 : 5.98E-5
SuperStep 214 : 3.388E-4
SuperStep 215 : 4.9E-6
SuperStep 216 : 1.827E-4
SuperStep 217 : 6.73E-5
SuperStep 218 : 2.51E-4
SuperStep 219 : 4.7E-6
SuperStep 220 : 1.472E-4
SuperStep 221 : 1.288E-4
SuperStep 222 : 6.88E-5
SuperStep 223 : 9.94E-5
SuperStep 224 : 3.552E-4
SuperStep 225 : 5.1E-6
SuperStep 226 : 9.23E-5
SuperStep 227 : 7.31E-5
SuperStep 228 : 1.902E-4
SuperStep 229 : 5.8E-6
SuperStep 230 : 9.95E-5
SuperStep 231 : 7.71E-5
SuperStep 232 : 5.579E-4
SuperStep 233 : 6.28E-5
SuperStep 234 : 1.122E-4
SuperStep 235 : 4.7E-6
SuperStep 236 : 2.097E-4
SuperStep 237 : 1.227E-4
SuperStep 238 : 3.674E-4
SuperStep 239 : 5.7E-6
SuperStep 240 : 2.214E-4
SuperStep 241 : 5.77E-5
SuperStep 242 : 7.23E-5
SuperStep 243 : 2.189E-4
SuperStep 244 : 5.46E-5
SuperStep 245 : 7.1E-6
SuperStep 246 : 2.793E-4
SuperStep 247 : 8.57E-5
SuperStep 248 : 5.68E-5
SuperStep 249 : 1.4E-6
SuperStep 250 : 4.66E-5
SuperStep 251 : 4.98E-5
SuperStep 252 : 6.35E-5
SuperStep 253 : 1.232E-4
SuperStep 254 : 6.18E-5
SuperStep 255 : 1.37E-5
SuperStep 256 : 6.9E-5
SuperStep 257 : 9.42E-5
SuperStep 258 : 7.08E-5
SuperStep 259 : 5.8E-6
SuperStep 260 : 5.98E-5
SuperStep 261 : 9.2E-5
SuperStep 262 : 6.35E-5
SuperStep 263 : 6.36E-5
SuperStep 264 : 8.52E-5
SuperStep 265 : 1.27E-5
SuperStep 266 : 6.77E-5
SuperStep 267 : 9.93E-5
SuperStep 268 : 7.04E-5
SuperStep 269 : 4.9E-6
SuperStep 270 : 6.4E-5
SuperStep 271 : 1.184E-4
SuperStep 272 : 9.55E-5
SuperStep 273 : 2.207E-4
SuperStep 274 : 2.068E-4
SuperStep 275 : 2.0E-6
SuperStep 276 : 6.85E-5
SuperStep 277 : 1.064E-4
SuperStep 278 : 1.647E-4
SuperStep 279 : 2.6E-6
SuperStep 280 : 8.49E-5
SuperStep 281 : 4.45E-5
SuperStep 282 : 2.317E-4
SuperStep 283 : 7.795E-4
SuperStep 284 : 9.705E-4
SuperStep 285 : 2.0E-6
SuperStep 286 : 7.62E-5
SuperStep 287 : 6.3E-5
SuperStep 288 : 8.53E-5
SuperStep 289 : 2.8E-6
SuperStep 290 : 5.77E-5
SuperStep 291 : 6.47E-5
SuperStep 292 : 2.812E-4
SuperStep 293 : 1.113E-4
SuperStep 294 : 5.36E-5
SuperStep 295 : 2.7E-6
SuperStep 296 : 5.67E-5
SuperStep 297 : 1.783E-4
SuperStep 298 : 1.832E-4
SuperStep 299 : 2.5E-6
SuperStep 300 : 1.967E-4
SuperStep 301 : 2.79E-4
SuperStep 302 : 6.35E-5
SuperStep 303 : 2.881E-4
SuperStep 304 : 2.142E-4
SuperStep 305 : 2.4E-6
SuperStep 306 : 9.25E-5
SuperStep 307 : 1.257E-4
SuperStep 308 : 6.74E-5
SuperStep 309 : 5.5E-6
SuperStep 310 : 4.93E-5
SuperStep 311 : 3.808E-4
SuperStep 312 : 2.171E-4
SuperStep 313 : 2.94E-4
SuperStep 314 : 7.31E-5
SuperStep 315 : 3.7E-6
SuperStep 316 : 1.075E-4
SuperStep 317 : 1.883E-4
SuperStep 318 : 7.66E-5
SuperStep 319 : 4.8E-6
SuperStep 320 : 5.88E-5
SuperStep 321 : 4.63E-5
SuperStep 322 : 5.11E-5
SuperStep 323 : 7.88E-5
SuperStep 324 : 1.666E-4
SuperStep 325 : 3.4E-6
SuperStep 326 : 7.14E-5
SuperStep 327 : 5.89E-5
SuperStep 328 : 2.075E-4
SuperStep 329 : 4.4E-6
SuperStep 330 : 8.58E-5
SuperStep 331 : 2.275E-4
SuperStep 332 : 2.34E-4
SuperStep 333 : 2.344E-4
SuperStep 334 : 1.346E-4
SuperStep 335 : 2.2E-6
SuperStep 336 : 5.8E-5
SuperStep 337 : 1.321E-4
SuperStep 338 : 8.43E-5
SuperStep 339 : 3.4E-6
SuperStep 340 : 1.233E-4
SuperStep 341 : 2.402E-4
SuperStep 342 : 1.23E-4
SuperStep 343 : 1.247E-4
SuperStep 344 : 1.001E-4
SuperStep 345 : 3.3E-6
SuperStep 346 : 9.34E-5
SuperStep 347 : 1.631E-4
SuperStep 348 : 2.07E-4
SuperStep 349 : 5.9E-6
SuperStep 350 : 5.75E-5
SuperStep 351 : 2.024E-4
SuperStep 352 : 1.165E-4
SuperStep 353 : 3.13E-4
SuperStep 354 : 1.36E-4
SuperStep 355 : 3.0E-6
SuperStep 356 : 7.05E-5
SuperStep 357 : 3.329E-4
SuperStep 358 : 9.6E-5
SuperStep 359 : 3.2E-6
SuperStep 360 : 6.19E-5
SuperStep 361 : 1.395E-4
SuperStep 362 : 1.092E-4
SuperStep 363 : 3.769E-4
SuperStep 364 : 1.024E-4
SuperStep 365 : 5.5E-6
SuperStep 366 : 9.63E-5
SuperStep 367 : 1.342E-4
SuperStep 368 : 1.18E-4
SuperStep 369 : 3.5E-6
SuperStep 370 : 1.26E-4
SuperStep 371 : 4.993E-4
SuperStep 372 : 8.8E-5
SuperStep 373 : 7.48E-5
SuperStep 374 : 1.085E-4
SuperStep 375 : 3.9E-6
SuperStep 376 : 7.31E-5
SuperStep 377 : 2.176E-4
SuperStep 378 : 6.19E-5
SuperStep 379 : 5.2E-6
SuperStep 380 : 1.053E-4
SuperStep 381 : 2.596E-4
SuperStep 382 : 2.593E-4
SuperStep 383 : 1.174E-4
SuperStep 384 : 9.43E-5
SuperStep 385 : 4.6E-6
SuperStep 386 : 1.529E-4
SuperStep 387 : 1.851E-4
SuperStep 388 : 1.111E-4
SuperStep 389 : 4.7E-6
SuperStep 390 : 1.101E-4
SuperStep 391 : 5.98E-5
SuperStep 392 : 8.34E-5
SuperStep 393 : 4.078E-4
SuperStep 394 : 6.24E-5
SuperStep 395 : 4.6E-6
SuperStep 396 : 7.58E-5
SuperStep 397 : 2.191E-4
SuperStep 398 : 1.324E-4
SuperStep 399 : 2.3E-6
SuperStep 400 : 1.631E-4
SuperStep 401 : 1.503E-4
SuperStep 402 : 9.39E-5
SuperStep 403 : 2.765E-4
SuperStep 404 : 9.01E-5
SuperStep 405 : 5.7E-6
SuperStep 406 : 6.41E-5
SuperStep 407 : 2.232E-4
SuperStep 408 : 1.133E-4
SuperStep 409 : 3.0E-6
SuperStep 410 : 1.023E-4
SuperStep 411 : 9.96E-5
SuperStep 412 : 1.232E-4
SuperStep 413 : 1.31E-4
SuperStep 414 : 2.682E-4
SuperStep 415 : 5.7E-6
SuperStep 416 : 1.203E-4
SuperStep 417 : 5.572E-4
SuperStep 418 : 6.19E-5
SuperStep 419 : 5.3E-6
SuperStep 420 : 7.64E-5
SuperStep 421 : 5.29E-5
SuperStep 422 : 6.05E-5
SuperStep 423 : 5.372E-4
SuperStep 424 : 6.1E-5
SuperStep 425 : 5.7E-6
SuperStep 426 : 1.829E-4
SuperStep 427 : 5.721E-4
SuperStep 428 : 1.557E-4
SuperStep 429 : 5.0E-6
SuperStep 430 : 1.076E-4
SuperStep 431 : 9.21E-5
SuperStep 432 : 5.81E-5
SuperStep 433 : 2.088E-4
SuperStep 434 : 1.906E-4
SuperStep 435 : 5.5E-6
SuperStep 436 : 1.808E-4
SuperStep 437 : 1.635E-4
SuperStep 438 : 7.56E-5
SuperStep 439 : 2.9E-6
SuperStep 440 : 1.299E-4
SuperStep 441 : 8.291E-4
SuperStep 442 : 1.95E-4
SuperStep 443 : 3.501E-4
SuperStep 444 : 1.673E-4
SuperStep 445 : 4.3E-6
SuperStep 446 : 5.91E-5
SuperStep 447 : 1.377E-4
SuperStep 448 : 1.211E-4
SuperStep 449 : 1.9E-6
SuperStep 450 : 1.103E-4
SuperStep 451 : 1.887E-4
SuperStep 452 : 7.52E-5
SuperStep 453 : 1.971E-4
SuperStep 454 : 1.075E-4
SuperStep 455 : 5.5E-6
SuperStep 456 : 1.145E-4
SuperStep 457 : 5.514E-4
SuperStep 458 : 2.128E-4
SuperStep 459 : 3.5E-6
SuperStep 460 : 6.87E-5
SuperStep 461 : 2.213E-4
SuperStep 462 : 6.39E-5
SuperStep 463 : 2.245E-4
SuperStep 464 : 9.3E-5
SuperStep 465 : 4.3E-6
SuperStep 466 : 1.57E-4
SuperStep 467 : 1.462E-4
SuperStep 468 : 9.12E-5
SuperStep 469 : 1.1E-6
SuperStep 470 : 1.751E-4
SuperStep 471 : 6.855E-4
SuperStep 472 : 1.022E-4
SuperStep 473 : 1.377E-4
SuperStep 474 : 2.012E-4
SuperStep 475 : 5.6E-6
SuperStep 476 : 8.07E-5
SuperStep 477 : 5.23E-5
SuperStep 478 : 2.011E-4
SuperStep 479 : 4.7E-6
SuperStep 480 : 6.79E-5
SuperStep 481 : 3.115E-4
SuperStep 482 : 1.142E-4
SuperStep 483 : 2.403E-4
SuperStep 484 : 7.53E-5
SuperStep 485 : 8.7E-6
SuperStep 486 : 7.82E-5
SuperStep 487 : 1.568E-4
SuperStep 488 : 1.05E-4
SuperStep 489 : 3.7E-6
SuperStep 490 : 9.56E-5
SuperStep 491 : 1.702E-4
SuperStep 492 : 7.33E-5
SuperStep 493 : 3.362E-4
SuperStep 494 : 1.194E-4
SuperStep 495 : 2.3E-6
SuperStep 496 : 7.9E-5
SuperStep 497 : 8.82E-5
SuperStep 498 : 1.533E-4
SuperStep 499 : 2.6E-6
SuperStep 500 : 1.252E-4
SuperStep 501 : 5.1E-6
SuperStep 502 : 6.3E-6
SuperStep 503 : 2.4E-6
SuperStep 504 : 6.7E-6
SuperStep 505 : 3.8E-6
SuperStep 506 : 2.7E-6

ExecutionDurations:
SuperStep 1 : 0.0165422
SuperStep 2 : 0.022503
SuperStep 3 : 0.0223007
SuperStep 4 : 0.0382361
SuperStep 5 : 0.0498811
SuperStep 6 : 0.0536233
SuperStep 7 : 0.0220995
SuperStep 8 : 0.0383028
SuperStep 9 : 0.0356777
SuperStep 10 : 5.84E-5
SuperStep 11 : 0.0212913
SuperStep 12 : 0.0219638
SuperStep 13 : 0.0226216
SuperStep 14 : 0.0371687
SuperStep 15 : 0.0510819
SuperStep 16 : 0.053011
SuperStep 17 : 0.0133997
SuperStep 18 : 0.0372969
SuperStep 19 : 0.0360648
SuperStep 20 : 5.45E-5
SuperStep 21 : 0.0206047
SuperStep 22 : 0.0244242
SuperStep 23 : 0.0204634
SuperStep 24 : 0.0379422
SuperStep 25 : 0.050383
SuperStep 26 : 0.0525416
SuperStep 27 : 0.0215709
SuperStep 28 : 0.0376248
SuperStep 29 : 0.0359539
SuperStep 30 : 6.38E-5
SuperStep 31 : 0.0215523
SuperStep 32 : 0.020887
SuperStep 33 : 0.0183624
SuperStep 34 : 0.0366099
SuperStep 35 : 0.0524955
SuperStep 36 : 0.0523513
SuperStep 37 : 0.0210692
SuperStep 38 : 0.0364126
SuperStep 39 : 0.0362252
SuperStep 40 : 5.03E-5
SuperStep 41 : 0.0222645
SuperStep 42 : 0.0222179
SuperStep 43 : 0.0217906
SuperStep 44 : 0.0371475
SuperStep 45 : 0.0523549
SuperStep 46 : 0.0523045
SuperStep 47 : 0.0205918
SuperStep 48 : 0.0364558
SuperStep 49 : 0.0368605
SuperStep 50 : 5.58E-5
SuperStep 51 : 0.0220377
SuperStep 52 : 0.0219092
SuperStep 53 : 0.0194534
SuperStep 54 : 0.0370912
SuperStep 55 : 0.0500686
SuperStep 56 : 0.0530776
SuperStep 57 : 0.0218831
SuperStep 58 : 0.0367459
SuperStep 59 : 0.0365118
SuperStep 60 : 1.611E-4
SuperStep 61 : 0.0223359
SuperStep 62 : 0.0212671
SuperStep 63 : 0.0227453
SuperStep 64 : 0.0359207
SuperStep 65 : 0.0512447
SuperStep 66 : 0.0145028
SuperStep 67 : 0.0329243
SuperStep 68 : 0.0530435
SuperStep 69 : 0.0561153
SuperStep 70 : 6.71E-5
SuperStep 71 : 0.0223888
SuperStep 72 : 0.0227135
SuperStep 73 : 0.0224416
SuperStep 74 : 0.034913
SuperStep 75 : 0.0537482
SuperStep 76 : 0.0527866
SuperStep 77 : 0.019126
SuperStep 78 : 0.0371382
SuperStep 79 : 0.0368402
SuperStep 80 : 3.96E-5
SuperStep 81 : 0.0229949
SuperStep 82 : 0.0199693
SuperStep 83 : 0.0224818
SuperStep 84 : 0.0375499
SuperStep 85 : 0.0524153
SuperStep 86 : 0.0513064
SuperStep 87 : 0.0240204
SuperStep 88 : 0.0371701
SuperStep 89 : 0.0321386
SuperStep 90 : 3.59E-5
SuperStep 91 : 0.0216457
SuperStep 92 : 0.0201977
SuperStep 93 : 0.0227157
SuperStep 94 : 0.0343212
SuperStep 95 : 0.052712
SuperStep 96 : 0.0529797
SuperStep 97 : 0.0217432
SuperStep 98 : 0.0370125
SuperStep 99 : 0.0372586
SuperStep 100 : 4.13E-5
SuperStep 101 : 0.0227499
SuperStep 102 : 0.0219891
SuperStep 103 : 0.0221731
SuperStep 104 : 0.0346789
SuperStep 105 : 0.050378
SuperStep 106 : 0.053077
SuperStep 107 : 0.0232758
SuperStep 108 : 0.0333511
SuperStep 109 : 0.0380634
SuperStep 110 : 3.85E-5
SuperStep 111 : 0.0219746
SuperStep 112 : 0.0231689
SuperStep 113 : 0.0202877
SuperStep 114 : 0.0360518
SuperStep 115 : 0.0527933
SuperStep 116 : 0.0526231
SuperStep 117 : 0.0212769
SuperStep 118 : 0.0349198
SuperStep 119 : 0.0382505
SuperStep 120 : 4.35E-5
SuperStep 121 : 0.0220439
SuperStep 122 : 0.0218695
SuperStep 123 : 0.0224849
SuperStep 124 : 0.0377363
SuperStep 125 : 0.0521935
SuperStep 126 : 0.0537195
SuperStep 127 : 0.023173
SuperStep 128 : 0.0383567
SuperStep 129 : 0.035892
SuperStep 130 : 5.21E-5
SuperStep 131 : 0.0205696
SuperStep 132 : 0.0224372
SuperStep 133 : 0.0219975
SuperStep 134 : 0.0379711
SuperStep 135 : 0.052836
SuperStep 136 : 0.0524782
SuperStep 137 : 0.0235099
SuperStep 138 : 0.037528
SuperStep 139 : 0.0379341
SuperStep 140 : 2.99E-5
SuperStep 141 : 0.0227777
SuperStep 142 : 0.0188371
SuperStep 143 : 0.0226246
SuperStep 144 : 0.0374405
SuperStep 145 : 0.0534559
SuperStep 146 : 0.0528582
SuperStep 147 : 0.0231366
SuperStep 148 : 0.0350977
SuperStep 149 : 0.0379175
SuperStep 150 : 3.76E-5
SuperStep 151 : 0.0209523
SuperStep 152 : 0.0220846
SuperStep 153 : 0.0235424
SuperStep 154 : 0.0361581
SuperStep 155 : 0.0540935
SuperStep 156 : 0.0460169
SuperStep 157 : 0.0219084
SuperStep 158 : 0.0377236
SuperStep 159 : 0.0377831
SuperStep 160 : 6.91E-5
SuperStep 161 : 0.0217507
SuperStep 162 : 0.0225463
SuperStep 163 : 0.0228872
SuperStep 164 : 0.0359839
SuperStep 165 : 0.050793
SuperStep 166 : 0.0515339
SuperStep 167 : 0.0227854
SuperStep 168 : 0.0360025
SuperStep 169 : 0.038238
SuperStep 170 : 5.48E-5
SuperStep 171 : 0.0225813
SuperStep 172 : 0.0211435
SuperStep 173 : 0.0240531
SuperStep 174 : 0.0327661
SuperStep 175 : 0.045159
SuperStep 176 : 0.051741
SuperStep 177 : 0.0209862
SuperStep 178 : 0.0356079
SuperStep 179 : 0.0388092
SuperStep 180 : 3.92E-5
SuperStep 181 : 0.0232162
SuperStep 182 : 0.0217189
SuperStep 183 : 0.0353608
SuperStep 184 : 0.0519179
SuperStep 185 : 0.053227
SuperStep 186 : 0.0238099
SuperStep 187 : 0.0382937
SuperStep 188 : 0.0392978
SuperStep 189 : 2.55E-5
SuperStep 190 : 0.0218683
SuperStep 191 : 0.0235257
SuperStep 192 : 0.0212283
SuperStep 193 : 0.0386201
SuperStep 194 : 0.0534576
SuperStep 195 : 0.0534722
SuperStep 196 : 0.021918
SuperStep 197 : 0.0338335
SuperStep 198 : 0.0374512
SuperStep 199 : 2.39E-5
SuperStep 200 : 0.0228364
SuperStep 201 : 0.0219722
SuperStep 202 : 0.0232906
SuperStep 203 : 0.037674
SuperStep 204 : 0.0533476
SuperStep 205 : 0.0522419
SuperStep 206 : 0.0233132
SuperStep 207 : 0.0348838
SuperStep 208 : 0.0378786
SuperStep 209 : 2.7E-5
SuperStep 210 : 0.0216914
SuperStep 211 : 0.0202076
SuperStep 212 : 0.0228353
SuperStep 213 : 0.0377599
SuperStep 214 : 0.0446406
SuperStep 215 : 0.0507734
SuperStep 216 : 0.0216301
SuperStep 217 : 0.0384613
SuperStep 218 : 0.0376478
SuperStep 219 : 3.11E-5
SuperStep 220 : 0.0209454
SuperStep 221 : 0.0232622
SuperStep 222 : 0.0234814
SuperStep 223 : 0.0353002
SuperStep 224 : 0.0526368
SuperStep 225 : 0.0525034
SuperStep 226 : 0.0220642
SuperStep 227 : 0.036415
SuperStep 228 : 0.0368696
SuperStep 229 : 6.03E-5
SuperStep 230 : 0.0218607
SuperStep 231 : 0.0223076
SuperStep 232 : 0.021198
SuperStep 233 : 0.0388429
SuperStep 234 : 0.0489171
SuperStep 235 : 0.0525461
SuperStep 236 : 0.0237038
SuperStep 237 : 0.0379644
SuperStep 238 : 0.0365031
SuperStep 239 : 4.01E-5
SuperStep 240 : 0.0206921
SuperStep 241 : 0.0225185
SuperStep 242 : 0.0206792
SuperStep 243 : 0.0376006
SuperStep 244 : 0.0488614
SuperStep 245 : 0.0480184
SuperStep 246 : 0.0114194
SuperStep 247 : 0.0377446
SuperStep 248 : 0.0378368
SuperStep 249 : 7.34E-5
SuperStep 250 : 0.0232738
SuperStep 251 : 0.0111774
SuperStep 252 : 0.0244943
SuperStep 253 : 0.0358325
SuperStep 254 : 0.0542867
SuperStep 255 : 0.05239
SuperStep 256 : 0.0219616
SuperStep 257 : 0.037648
SuperStep 258 : 0.0375642
SuperStep 259 : 2.89E-5
SuperStep 260 : 0.0235431
SuperStep 261 : 0.0240032
SuperStep 262 : 0.0203838
SuperStep 263 : 0.0384846
SuperStep 264 : 0.0534947
SuperStep 265 : 0.0523677
SuperStep 266 : 0.0235032
SuperStep 267 : 0.0373979
SuperStep 268 : 0.0394915
SuperStep 269 : 3.45E-5
SuperStep 270 : 0.0220444
SuperStep 271 : 0.0250902
SuperStep 272 : 0.0239741
SuperStep 273 : 0.0370291
SuperStep 274 : 0.0460453
SuperStep 275 : 0.0528321
SuperStep 276 : 0.0227803
SuperStep 277 : 0.0392479
SuperStep 278 : 0.0370958
SuperStep 279 : 4.09E-5
SuperStep 280 : 0.0227374
SuperStep 281 : 0.0235868
SuperStep 282 : 0.0229743
SuperStep 283 : 0.0365004
SuperStep 284 : 0.0440678
SuperStep 285 : 0.0530955
SuperStep 286 : 0.023012
SuperStep 287 : 0.0336271
SuperStep 288 : 0.0342796
SuperStep 289 : 9.17E-5
SuperStep 290 : 0.019054
SuperStep 291 : 0.0213335
SuperStep 292 : 0.0224662
SuperStep 293 : 0.0393944
SuperStep 294 : 0.0521696
SuperStep 295 : 0.0515674
SuperStep 296 : 0.0227914
SuperStep 297 : 0.0390648
SuperStep 298 : 0.0371468
SuperStep 299 : 5.73E-5
SuperStep 300 : 0.0236403
SuperStep 301 : 0.0217044
SuperStep 302 : 0.022176
SuperStep 303 : 0.0372202
SuperStep 304 : 0.0525372
SuperStep 305 : 0.0540119
SuperStep 306 : 0.0240623
SuperStep 307 : 0.0377307
SuperStep 308 : 0.0380283
SuperStep 309 : 7.29E-5
SuperStep 310 : 0.0225579
SuperStep 311 : 0.0229302
SuperStep 312 : 0.0224226
SuperStep 313 : 0.0372155
SuperStep 314 : 0.0520785
SuperStep 315 : 0.0513053
SuperStep 316 : 0.023395
SuperStep 317 : 0.0353667
SuperStep 318 : 0.037883
SuperStep 319 : 5.13E-5
SuperStep 320 : 0.0225886
SuperStep 321 : 0.0184007
SuperStep 322 : 0.0221215
SuperStep 323 : 0.0383604
SuperStep 324 : 0.0523913
SuperStep 325 : 0.0524283
SuperStep 326 : 0.022053
SuperStep 327 : 0.0379266
SuperStep 328 : 0.0368903
SuperStep 329 : 7.56E-5
SuperStep 330 : 0.0230652
SuperStep 331 : 0.0226314
SuperStep 332 : 0.0216669
SuperStep 333 : 0.0362181
SuperStep 334 : 0.0515553
SuperStep 335 : 0.053078
SuperStep 336 : 0.0225702
SuperStep 337 : 0.0376593
SuperStep 338 : 0.0353491
SuperStep 339 : 5.64E-5
SuperStep 340 : 0.0219221
SuperStep 341 : 0.020316
SuperStep 342 : 0.0145428
SuperStep 343 : 0.0378218
SuperStep 344 : 0.0674596
SuperStep 345 : 0.0537905
SuperStep 346 : 0.0231403
SuperStep 347 : 0.03801
SuperStep 348 : 0.035954
SuperStep 349 : 8.73E-5
SuperStep 350 : 0.0232079
SuperStep 351 : 0.0206439
SuperStep 352 : 0.0227849
SuperStep 353 : 0.0359912
SuperStep 354 : 0.0529606
SuperStep 355 : 0.0527749
SuperStep 356 : 0.0220639
SuperStep 357 : 0.0352521
SuperStep 358 : 0.0378161
SuperStep 359 : 1.031E-4
SuperStep 360 : 0.0237201
SuperStep 361 : 0.0238219
SuperStep 362 : 0.0227184
SuperStep 363 : 0.0374885
SuperStep 364 : 0.0515028
SuperStep 365 : 0.0512682
SuperStep 366 : 0.0230299
SuperStep 367 : 0.037525
SuperStep 368 : 0.0379664
SuperStep 369 : 8.95E-5
SuperStep 370 : 0.023379
SuperStep 371 : 0.0207598
SuperStep 372 : 0.0174979
SuperStep 373 : 0.0381987
SuperStep 374 : 0.052681
SuperStep 375 : 0.0528899
SuperStep 376 : 0.0234244
SuperStep 377 : 0.0370136
SuperStep 378 : 0.0369248
SuperStep 379 : 8.5E-5
SuperStep 380 : 0.0215451
SuperStep 381 : 0.0223375
SuperStep 382 : 0.0227146
SuperStep 383 : 0.0373979
SuperStep 384 : 0.0535128
SuperStep 385 : 0.0516093
SuperStep 386 : 0.0234882
SuperStep 387 : 0.0362838
SuperStep 388 : 0.0377233
SuperStep 389 : 6.99E-5
SuperStep 390 : 0.0212079
SuperStep 391 : 0.0231998
SuperStep 392 : 0.0233771
SuperStep 393 : 0.0363839
SuperStep 394 : 0.0544569
SuperStep 395 : 0.0506278
SuperStep 396 : 0.0225333
SuperStep 397 : 0.0382536
SuperStep 398 : 0.035713
SuperStep 399 : 6.09E-5
SuperStep 400 : 0.0227262
SuperStep 401 : 0.019101
SuperStep 402 : 0.0228811
SuperStep 403 : 0.0363906
SuperStep 404 : 0.0522653
SuperStep 405 : 0.0475967
SuperStep 406 : 0.0232442
SuperStep 407 : 0.0345236
SuperStep 408 : 0.0379811
SuperStep 409 : 7.87E-5
SuperStep 410 : 0.0227217
SuperStep 411 : 0.0226173
SuperStep 412 : 0.0228161
SuperStep 413 : 0.0401332
SuperStep 414 : 0.0521544
SuperStep 415 : 0.0523909
SuperStep 416 : 0.0235407
SuperStep 417 : 0.0375871
SuperStep 418 : 0.0384191
SuperStep 419 : 9.94E-5
SuperStep 420 : 0.0225652
SuperStep 421 : 0.0198076
SuperStep 422 : 0.0217898
SuperStep 423 : 0.0345605
SuperStep 424 : 0.0534244
SuperStep 425 : 0.0516079
SuperStep 426 : 0.0229256
SuperStep 427 : 0.03831
SuperStep 428 : 0.0360555
SuperStep 429 : 8.65E-5
SuperStep 430 : 0.0223746
SuperStep 431 : 0.0229863
SuperStep 432 : 0.0237066
SuperStep 433 : 0.0362192
SuperStep 434 : 0.0530469
SuperStep 435 : 0.0507118
SuperStep 436 : 0.0225847
SuperStep 437 : 0.0369543
SuperStep 438 : 0.0375349
SuperStep 439 : 6.4E-5
SuperStep 440 : 0.0187113
SuperStep 441 : 0.0218781
SuperStep 442 : 0.0229313
SuperStep 443 : 0.0356281
SuperStep 444 : 0.052712
SuperStep 445 : 0.0478247
SuperStep 446 : 0.0219244
SuperStep 447 : 0.0386123
SuperStep 448 : 0.0378198
SuperStep 449 : 4.52E-5
SuperStep 450 : 0.0238391
SuperStep 451 : 0.0216446
SuperStep 452 : 0.0208012
SuperStep 453 : 0.0378021
SuperStep 454 : 0.0530732
SuperStep 455 : 0.0487592
SuperStep 456 : 0.0231447
SuperStep 457 : 0.036494
SuperStep 458 : 0.0376174
SuperStep 459 : 4.91E-5
SuperStep 460 : 0.0238462
SuperStep 461 : 0.0216733
SuperStep 462 : 0.0222182
SuperStep 463 : 0.0376742
SuperStep 464 : 0.0460604
SuperStep 465 : 0.0466445
SuperStep 466 : 0.0230036
SuperStep 467 : 0.0378872
SuperStep 468 : 0.0347973
SuperStep 469 : 3.37E-5
SuperStep 470 : 0.0226383
SuperStep 471 : 0.0204292
SuperStep 472 : 0.0228363
SuperStep 473 : 0.036751
SuperStep 474 : 0.0518669
SuperStep 475 : 0.0508935
SuperStep 476 : 0.0233672
SuperStep 477 : 0.0390776
SuperStep 478 : 0.0342447
SuperStep 479 : 6.8E-5
SuperStep 480 : 0.0227631
SuperStep 481 : 0.020702
SuperStep 482 : 0.0200022
SuperStep 483 : 0.0383057
SuperStep 484 : 0.0456535
SuperStep 485 : 0.0523447
SuperStep 486 : 0.0217608
SuperStep 487 : 0.0399015
SuperStep 488 : 0.03793
SuperStep 489 : 8.44E-5
SuperStep 490 : 0.0227874
SuperStep 491 : 0.0231562
SuperStep 492 : 0.0226248
SuperStep 493 : 0.0361771
SuperStep 494 : 0.0524674
SuperStep 495 : 0.0522258
SuperStep 496 : 0.0228719
SuperStep 497 : 0.0382405
SuperStep 498 : 0.037392
SuperStep 499 : 7.63E-5
SuperStep 500 : 0.0219757
SuperStep 501 : 1.191E-4
SuperStep 502 : 1.056E-4
SuperStep 503 : 4.26E-5
SuperStep 504 : 8.55E-5
SuperStep 505 : 6.16E-5
SuperStep 506 : 5.03E-5

MessagingDurations:
SuperStep 1 : 0.0281879
SuperStep 2 : 6.407E-4
SuperStep 3 : 4.765E-4
SuperStep 4 : 6.039E-4
SuperStep 5 : 6.376E-4
SuperStep 6 : 2.599E-4
SuperStep 7 : 5.148E-4
SuperStep 8 : 6.535E-4
SuperStep 9 : 6.378E-4
SuperStep 10 : 1.067E-4
SuperStep 11 : 0.0014343
SuperStep 12 : 5.386E-4
SuperStep 13 : 4.268E-4
SuperStep 14 : 6.992E-4
SuperStep 15 : 3.755E-4
SuperStep 16 : 1.753E-4
SuperStep 17 : 5.963E-4
SuperStep 18 : 4.087E-4
SuperStep 19 : 2.285E-4
SuperStep 20 : 1.366E-4
SuperStep 21 : 8.186E-4
SuperStep 22 : 4.199E-4
SuperStep 23 : 0.0024842
SuperStep 24 : 0.001278
SuperStep 25 : 4.388E-4
SuperStep 26 : 1.901E-4
SuperStep 27 : 5.897E-4
SuperStep 28 : 3.519E-4
SuperStep 29 : 3.935E-4
SuperStep 30 : 2.062E-4
SuperStep 31 : 8.123E-4
SuperStep 32 : 5.827E-4
SuperStep 33 : 4.803E-4
SuperStep 34 : 6.089E-4
SuperStep 35 : 5.492E-4
SuperStep 36 : 3.759E-4
SuperStep 37 : 5.245E-4
SuperStep 38 : 2.97E-4
SuperStep 39 : 5.908E-4
SuperStep 40 : 1.537E-4
SuperStep 41 : 5.67E-4
SuperStep 42 : 5.698E-4
SuperStep 43 : 4.164E-4
SuperStep 44 : 3.278E-4
SuperStep 45 : 5.181E-4
SuperStep 46 : 3.936E-4
SuperStep 47 : 6.409E-4
SuperStep 48 : 8.146E-4
SuperStep 49 : 7.639E-4
SuperStep 50 : 1.215E-4
SuperStep 51 : 6.061E-4
SuperStep 52 : 7.164E-4
SuperStep 53 : 3.421E-4
SuperStep 54 : 3.737E-4
SuperStep 55 : 5.495E-4
SuperStep 56 : 3.284E-4
SuperStep 57 : 8.268E-4
SuperStep 58 : 0.0011348
SuperStep 59 : 4.362E-4
SuperStep 60 : 5.082E-4
SuperStep 61 : 4.833E-4
SuperStep 62 : 3.443E-4
SuperStep 63 : 4.475E-4
SuperStep 64 : 3.93E-4
SuperStep 65 : 4.458E-4
SuperStep 66 : 4.646E-4
SuperStep 67 : 4.907E-4
SuperStep 68 : 5.53E-4
SuperStep 69 : 3.582E-4
SuperStep 70 : 4.446E-4
SuperStep 71 : 2.401E-4
SuperStep 72 : 8.266E-4
SuperStep 73 : 0.0017167
SuperStep 74 : 4.117E-4
SuperStep 75 : 3.496E-4
SuperStep 76 : 2.353E-4
SuperStep 77 : 4.291E-4
SuperStep 78 : 3.075E-4
SuperStep 79 : 2.668E-4
SuperStep 80 : 1.744E-4
SuperStep 81 : 4.164E-4
SuperStep 82 : 2.575E-4
SuperStep 83 : 3.739E-4
SuperStep 84 : 4.858E-4
SuperStep 85 : 3.017E-4
SuperStep 86 : 2.445E-4
SuperStep 87 : 4.339E-4
SuperStep 88 : 0.001067
SuperStep 89 : 3.305E-4
SuperStep 90 : 1.486E-4
SuperStep 91 : 3.679E-4
SuperStep 92 : 5.895E-4
SuperStep 93 : 3.2E-4
SuperStep 94 : 9.257E-4
SuperStep 95 : 5.688E-4
SuperStep 96 : 2.166E-4
SuperStep 97 : 4.806E-4
SuperStep 98 : 6.037E-4
SuperStep 99 : 2.875E-4
SuperStep 100 : 2.112E-4
SuperStep 101 : 3.583E-4
SuperStep 102 : 0.0013902
SuperStep 103 : 3.464E-4
SuperStep 104 : 3.115E-4
SuperStep 105 : 4.248E-4
SuperStep 106 : 2.581E-4
SuperStep 107 : 6.054E-4
SuperStep 108 : 2.56E-4
SuperStep 109 : 0.0023852
SuperStep 110 : 1.242E-4
SuperStep 111 : 3.153E-4
SuperStep 112 : 3.957E-4
SuperStep 113 : 4.681E-4
SuperStep 114 : 2.43E-4
SuperStep 115 : 2.78E-4
SuperStep 116 : 2.232E-4
SuperStep 117 : 4.274E-4
SuperStep 118 : 4.798E-4
SuperStep 119 : 1.897E-4
SuperStep 120 : 1.352E-4
SuperStep 121 : 4.463E-4
SuperStep 122 : 3.517E-4
SuperStep 123 : 4.716E-4
SuperStep 124 : 2.282E-4
SuperStep 125 : 3.159E-4
SuperStep 126 : 4.471E-4
SuperStep 127 : 3.317E-4
SuperStep 128 : 8.868E-4
SuperStep 129 : 1.574E-4
SuperStep 130 : 2.115E-4
SuperStep 131 : 3.675E-4
SuperStep 132 : 4.781E-4
SuperStep 133 : 4.684E-4
SuperStep 134 : 2.147E-4
SuperStep 135 : 2.574E-4
SuperStep 136 : 2.601E-4
SuperStep 137 : 2.678E-4
SuperStep 138 : 2.914E-4
SuperStep 139 : 1.826E-4
SuperStep 140 : 7.98E-5
SuperStep 141 : 2.462E-4
SuperStep 142 : 0.0014355
SuperStep 143 : 3.6E-4
SuperStep 144 : 4.567E-4
SuperStep 145 : 2.122E-4
SuperStep 146 : 7.034E-4
SuperStep 147 : 4.305E-4
SuperStep 148 : 3.358E-4
SuperStep 149 : 2.088E-4
SuperStep 150 : 1.699E-4
SuperStep 151 : 2.538E-4
SuperStep 152 : 9.518E-4
SuperStep 153 : 4.075E-4
SuperStep 154 : 0.0010112
SuperStep 155 : 2.502E-4
SuperStep 156 : 7.29E-4
SuperStep 157 : 5.749E-4
SuperStep 158 : 0.0012775
SuperStep 159 : 2.093E-4
SuperStep 160 : 4.92E-4
SuperStep 161 : 2.625E-4
SuperStep 162 : 7.382E-4
SuperStep 163 : 3.504E-4
SuperStep 164 : 8.692E-4
SuperStep 165 : 2.359E-4
SuperStep 166 : 1.464E-4
SuperStep 167 : 0.001256
SuperStep 168 : 7.432E-4
SuperStep 169 : 1.178E-4
SuperStep 170 : 3.37E-4
SuperStep 171 : 9.887E-4
SuperStep 172 : 7.217E-4
SuperStep 173 : 2.028E-4
SuperStep 174 : 4.021E-4
SuperStep 175 : 7.757E-4
SuperStep 176 : 2.416E-4
SuperStep 177 : 4.571E-4
SuperStep 178 : 5.395E-4
SuperStep 179 : 2.324E-4
SuperStep 180 : 1.211E-4
SuperStep 181 : 2.872E-4
SuperStep 182 : 5.15E-4
SuperStep 183 : 9.293E-4
SuperStep 184 : 2.349E-4
SuperStep 185 : 1.467E-4
SuperStep 186 : 6.063E-4
SuperStep 187 : 0.0022169
SuperStep 188 : 2.582E-4
SuperStep 189 : 9.86E-5
SuperStep 190 : 7.942E-4
SuperStep 191 : 3.305E-4
SuperStep 192 : 0.0011081
SuperStep 193 : 3.207E-4
SuperStep 194 : 2.613E-4
SuperStep 195 : 1.785E-4
SuperStep 196 : 7.825E-4
SuperStep 197 : 2.862E-4
SuperStep 198 : 1.351E-4
SuperStep 199 : 1.768E-4
SuperStep 200 : 3.469E-4
SuperStep 201 : 4.326E-4
SuperStep 202 : 1.855E-4
SuperStep 203 : 2.325E-4
SuperStep 204 : 5.03E-4
SuperStep 205 : 1.325E-4
SuperStep 206 : 2.712E-4
SuperStep 207 : 2.39E-4
SuperStep 208 : 1.076E-4
SuperStep 209 : 1.699E-4
SuperStep 210 : 2.108E-4
SuperStep 211 : 3.71E-4
SuperStep 212 : 6.294E-4
SuperStep 213 : 2.037E-4
SuperStep 214 : 7.942E-4
SuperStep 215 : 1.58E-4
SuperStep 216 : 0.001156
SuperStep 217 : 2.534E-4
SuperStep 218 : 1.202E-4
SuperStep 219 : 1.048E-4
SuperStep 220 : 2.268E-4
SuperStep 221 : 2.419E-4
SuperStep 222 : 0.0013403
SuperStep 223 : 5.762E-4
SuperStep 224 : 2.59E-4
SuperStep 225 : 1.25E-4
SuperStep 226 : 0.0013836
SuperStep 227 : 3.187E-4
SuperStep 228 : 2.264E-4
SuperStep 229 : 1.199E-4
SuperStep 230 : 0.0011083
SuperStep 231 : 2.26E-4
SuperStep 232 : 6.802E-4
SuperStep 233 : 2.812E-4
SuperStep 234 : 5.529E-4
SuperStep 235 : 1.812E-4
SuperStep 236 : 0.0010581
SuperStep 237 : 4.88E-4
SuperStep 238 : 3.918E-4
SuperStep 239 : 1.997E-4
SuperStep 240 : 9.701E-4
SuperStep 241 : 5.544E-4
SuperStep 242 : 1.76E-4
SuperStep 243 : 1.863E-4
SuperStep 244 : 9.132E-4
SuperStep 245 : 1.059E-4
SuperStep 246 : 0.0011806
SuperStep 247 : 2.178E-4
SuperStep 248 : 1.473E-4
SuperStep 249 : 1.374E-4
SuperStep 250 : 3.26E-4
SuperStep 251 : 2.254E-4
SuperStep 252 : 3.986E-4
SuperStep 253 : 4.571E-4
SuperStep 254 : 3.655E-4
SuperStep 255 : 2.091E-4
SuperStep 256 : 7.858E-4
SuperStep 257 : 0.0023091
SuperStep 258 : 1.626E-4
SuperStep 259 : 1.327E-4
SuperStep 260 : 2.174E-4
SuperStep 261 : 8.229E-4
SuperStep 262 : 0.0014053
SuperStep 263 : 8.827E-4
SuperStep 264 : 1.924E-4
SuperStep 265 : 3.912E-4
SuperStep 266 : 6.218E-4
SuperStep 267 : 1.747E-4
SuperStep 268 : 3.562E-4
SuperStep 269 : 8.34E-5
SuperStep 270 : 0.0021768
SuperStep 271 : 6.174E-4
SuperStep 272 : 2.677E-4
SuperStep 273 : 5.068E-4
SuperStep 274 : 1.639E-4
SuperStep 275 : 1.694E-4
SuperStep 276 : 2.488E-4
SuperStep 277 : 4.026E-4
SuperStep 278 : 1.274E-4
SuperStep 279 : 1.25E-4
SuperStep 280 : 2.018E-4
SuperStep 281 : 3.031E-4
SuperStep 282 : 6.328E-4
SuperStep 283 : 0.00117
SuperStep 284 : 2.108E-4
SuperStep 285 : 1.954E-4
SuperStep 286 : 7.52E-4
SuperStep 287 : 2.857E-4
SuperStep 288 : 1.127E-4
SuperStep 289 : 2.413E-4
SuperStep 290 : 2.001E-4
SuperStep 291 : 6.622E-4
SuperStep 292 : 3.405E-4
SuperStep 293 : 5.372E-4
SuperStep 294 : 3.36E-4
SuperStep 295 : 2.841E-4
SuperStep 296 : 3.085E-4
SuperStep 297 : 7.08E-4
SuperStep 298 : 1.34E-4
SuperStep 299 : 2.109E-4
SuperStep 300 : 9.46E-4
SuperStep 301 : 4.536E-4
SuperStep 302 : 2.227E-4
SuperStep 303 : 8.511E-4
SuperStep 304 : 3.346E-4
SuperStep 305 : 1.67E-4
SuperStep 306 : 2.601E-4
SuperStep 307 : 8.522E-4
SuperStep 308 : 2.242E-4
SuperStep 309 : 7.417E-4
SuperStep 310 : 2.39E-4
SuperStep 311 : 0.0011568
SuperStep 312 : 2.173E-4
SuperStep 313 : 0.0011156
SuperStep 314 : 2.438E-4
SuperStep 315 : 1.738E-4
SuperStep 316 : 3.675E-4
SuperStep 317 : 7.526E-4
SuperStep 318 : 1.992E-4
SuperStep 319 : 2.676E-4
SuperStep 320 : 1.778E-4
SuperStep 321 : 1.943E-4
SuperStep 322 : 3.17E-4
SuperStep 323 : 5.999E-4
SuperStep 324 : 5.298E-4
SuperStep 325 : 1.727E-4
SuperStep 326 : 2.517E-4
SuperStep 327 : 4.804E-4
SuperStep 328 : 1.299E-4
SuperStep 329 : 4.154E-4
SuperStep 330 : 4.306E-4
SuperStep 331 : 7.964E-4
SuperStep 332 : 4.697E-4
SuperStep 333 : 0.0012428
SuperStep 334 : 1.743E-4
SuperStep 335 : 2.499E-4
SuperStep 336 : 7.577E-4
SuperStep 337 : 5.133E-4
SuperStep 338 : 1.484E-4
SuperStep 339 : 2.177E-4
SuperStep 340 : 2.839E-4
SuperStep 341 : 0.0016074
SuperStep 342 : 2.415E-4
SuperStep 343 : 2.704E-4
SuperStep 344 : 1.641E-4
SuperStep 345 : 3.277E-4
SuperStep 346 : 2.525E-4
SuperStep 347 : 4.81E-4
SuperStep 348 : 1.55E-4
SuperStep 349 : 4.297E-4
SuperStep 350 : 5.143E-4
SuperStep 351 : 7.875E-4
SuperStep 352 : 3.646E-4
SuperStep 353 : 9.935E-4
SuperStep 354 : 1.847E-4
SuperStep 355 : 1.061E-4
SuperStep 356 : 3.21E-4
SuperStep 357 : 0.0010066
SuperStep 358 : 1.363E-4
SuperStep 359 : 2.85E-4
SuperStep 360 : 2.203E-4
SuperStep 361 : 8.992E-4
SuperStep 362 : 2.724E-4
SuperStep 363 : 3.375E-4
SuperStep 364 : 2.852E-4
SuperStep 365 : 2.879E-4
SuperStep 366 : 2.736E-4
SuperStep 367 : 6.828E-4
SuperStep 368 : 1.9E-4
SuperStep 369 : 3.828E-4
SuperStep 370 : 1.62E-4
SuperStep 371 : 8.395E-4
SuperStep 372 : 1.868E-4
SuperStep 373 : 2.852E-4
SuperStep 374 : 4.29E-4
SuperStep 375 : 5.476E-4
SuperStep 376 : 3.026E-4
SuperStep 377 : 8.276E-4
SuperStep 378 : 2.4E-4
SuperStep 379 : 3.662E-4
SuperStep 380 : 4.221E-4
SuperStep 381 : 5.942E-4
SuperStep 382 : 2.1E-4
SuperStep 383 : 4.604E-4
SuperStep 384 : 2.589E-4
SuperStep 385 : 3.667E-4
SuperStep 386 : 3.633E-4
SuperStep 387 : 0.0015906
SuperStep 388 : 2.087E-4
SuperStep 389 : 3.192E-4
SuperStep 390 : 4.003E-4
SuperStep 391 : 9.53E-4
SuperStep 392 : 3.106E-4
SuperStep 393 : 0.0013769
SuperStep 394 : 1.959E-4
SuperStep 395 : 1.953E-4
SuperStep 396 : 3.142E-4
SuperStep 397 : 4.753E-4
SuperStep 398 : 1.555E-4
SuperStep 399 : 2.203E-4
SuperStep 400 : 2.71E-4
SuperStep 401 : 4.82E-4
SuperStep 402 : 2.53E-4
SuperStep 403 : 0.0012228
SuperStep 404 : 1.763E-4
SuperStep 405 : 5.191E-4
SuperStep 406 : 5.711E-4
SuperStep 407 : 0.0010601
SuperStep 408 : 1.503E-4
SuperStep 409 : 4.362E-4
SuperStep 410 : 3.297E-4
SuperStep 411 : 0.0015767
SuperStep 412 : 2.616E-4
SuperStep 413 : 0.0011642
SuperStep 414 : 2.589E-4
SuperStep 415 : 5.596E-4
SuperStep 416 : 2.497E-4
SuperStep 417 : 0.0010435
SuperStep 418 : 2.726E-4
SuperStep 419 : 3.386E-4
SuperStep 420 : 2.667E-4
SuperStep 421 : 3.834E-4
SuperStep 422 : 2.487E-4
SuperStep 423 : 5.09E-4
SuperStep 424 : 2.135E-4
SuperStep 425 : 4.054E-4
SuperStep 426 : 4.205E-4
SuperStep 427 : 7.58E-4
SuperStep 428 : 1.617E-4
SuperStep 429 : 2.993E-4
SuperStep 430 : 4.075E-4
SuperStep 431 : 3.429E-4
SuperStep 432 : 4.524E-4
SuperStep 433 : 3.582E-4
SuperStep 434 : 1.916E-4
SuperStep 435 : 2.835E-4
SuperStep 436 : 3.845E-4
SuperStep 437 : 1.955E-4
SuperStep 438 : 2.209E-4
SuperStep 439 : 2.538E-4
SuperStep 440 : 4.885E-4
SuperStep 441 : 8.183E-4
SuperStep 442 : 5.289E-4
SuperStep 443 : 7.354E-4
SuperStep 444 : 3.147E-4
SuperStep 445 : 4.968E-4
SuperStep 446 : 3.964E-4
SuperStep 447 : 9.328E-4
SuperStep 448 : 1.054E-4
SuperStep 449 : 2.533E-4
SuperStep 450 : 2.29E-4
SuperStep 451 : 0.0022074
SuperStep 452 : 2.075E-4
SuperStep 453 : 7.462E-4
SuperStep 454 : 0.0014396
SuperStep 455 : 3.118E-4
SuperStep 456 : 2.279E-4
SuperStep 457 : 7.471E-4
SuperStep 458 : 1.496E-4
SuperStep 459 : 1.908E-4
SuperStep 460 : 2.333E-4
SuperStep 461 : 5.861E-4
SuperStep 462 : 1.959E-4
SuperStep 463 : 0.0011533
SuperStep 464 : 2.077E-4
SuperStep 465 : 2.747E-4
SuperStep 466 : 2.484E-4
SuperStep 467 : 4.855E-4
SuperStep 468 : 1.191E-4
SuperStep 469 : 1.328E-4
SuperStep 470 : 3.212E-4
SuperStep 471 : 0.0010499
SuperStep 472 : 2.598E-4
SuperStep 473 : 8.747E-4
SuperStep 474 : 1.736E-4
SuperStep 475 : 4.196E-4
SuperStep 476 : 4.408E-4
SuperStep 477 : 4.946E-4
SuperStep 478 : 1.583E-4
SuperStep 479 : 2.9E-4
SuperStep 480 : 2.127E-4
SuperStep 481 : 8.213E-4
SuperStep 482 : 1.945E-4
SuperStep 483 : 9.818E-4
SuperStep 484 : 1.967E-4
SuperStep 485 : 7.712E-4
SuperStep 486 : 5.576E-4
SuperStep 487 : 9.166E-4
SuperStep 488 : 1.523E-4
SuperStep 489 : 3.877E-4
SuperStep 490 : 6.719E-4
SuperStep 491 : 6.244E-4
SuperStep 492 : 2.535E-4
SuperStep 493 : 0.0011417
SuperStep 494 : 2.782E-4
SuperStep 495 : 9.107E-4
SuperStep 496 : 3.026E-4
SuperStep 497 : 1.69E-4
SuperStep 498 : 1.465E-4
SuperStep 499 : 2.772E-4
SuperStep 500 : 1.307E-4
SuperStep 501 : 2.956E-4
SuperStep 502 : 5.048E-4
SuperStep 503 : 1.163E-4
SuperStep 504 : 3.648E-4
SuperStep 505 : 2.587E-4
SuperStep 506 : 1.664E-4

MessageNums:
SuperStep 1 : 3.0
SuperStep 2 : 2.0
SuperStep 3 : 2.0
SuperStep 4 : 2.0
SuperStep 5 : 1.0
SuperStep 6 : 0.0
SuperStep 7 : 3.0
SuperStep 8 : 3.0
SuperStep 9 : 0.0
SuperStep 10 : 0.0
SuperStep 11 : 3.0
SuperStep 12 : 2.0
SuperStep 13 : 2.0
SuperStep 14 : 2.0
SuperStep 15 : 1.0
SuperStep 16 : 0.0
SuperStep 17 : 3.0
SuperStep 18 : 3.0
SuperStep 19 : 0.0
SuperStep 20 : 0.0
SuperStep 21 : 3.0
SuperStep 22 : 2.0
SuperStep 23 : 2.0
SuperStep 24 : 2.0
SuperStep 25 : 1.0
SuperStep 26 : 0.0
SuperStep 27 : 3.0
SuperStep 28 : 3.0
SuperStep 29 : 0.0
SuperStep 30 : 0.0
SuperStep 31 : 3.0
SuperStep 32 : 2.0
SuperStep 33 : 2.0
SuperStep 34 : 2.0
SuperStep 35 : 1.0
SuperStep 36 : 0.0
SuperStep 37 : 3.0
SuperStep 38 : 3.0
SuperStep 39 : 0.0
SuperStep 40 : 0.0
SuperStep 41 : 3.0
SuperStep 42 : 2.0
SuperStep 43 : 2.0
SuperStep 44 : 2.0
SuperStep 45 : 1.0
SuperStep 46 : 0.0
SuperStep 47 : 3.0
SuperStep 48 : 3.0
SuperStep 49 : 0.0
SuperStep 50 : 0.0
SuperStep 51 : 3.0
SuperStep 52 : 2.0
SuperStep 53 : 2.0
SuperStep 54 : 2.0
SuperStep 55 : 1.0
SuperStep 56 : 0.0
SuperStep 57 : 3.0
SuperStep 58 : 3.0
SuperStep 59 : 0.0
SuperStep 60 : 0.0
SuperStep 61 : 3.0
SuperStep 62 : 2.0
SuperStep 63 : 2.0
SuperStep 64 : 2.0
SuperStep 65 : 1.0
SuperStep 66 : 3.0
SuperStep 67 : 3.0
SuperStep 68 : 3.0
SuperStep 69 : 0.0
SuperStep 70 : 0.0
SuperStep 71 : 3.0
SuperStep 72 : 2.0
SuperStep 73 : 2.0
SuperStep 74 : 2.0
SuperStep 75 : 1.0
SuperStep 76 : 0.0
SuperStep 77 : 3.0
SuperStep 78 : 3.0
SuperStep 79 : 0.0
SuperStep 80 : 0.0
SuperStep 81 : 3.0
SuperStep 82 : 2.0
SuperStep 83 : 2.0
SuperStep 84 : 2.0
SuperStep 85 : 1.0
SuperStep 86 : 0.0
SuperStep 87 : 3.0
SuperStep 88 : 3.0
SuperStep 89 : 0.0
SuperStep 90 : 0.0
SuperStep 91 : 3.0
SuperStep 92 : 2.0
SuperStep 93 : 2.0
SuperStep 94 : 2.0
SuperStep 95 : 1.0
SuperStep 96 : 0.0
SuperStep 97 : 3.0
SuperStep 98 : 3.0
SuperStep 99 : 0.0
SuperStep 100 : 0.0
SuperStep 101 : 3.0
SuperStep 102 : 2.0
SuperStep 103 : 2.0
SuperStep 104 : 2.0
SuperStep 105 : 1.0
SuperStep 106 : 0.0
SuperStep 107 : 3.0
SuperStep 108 : 3.0
SuperStep 109 : 0.0
SuperStep 110 : 0.0
SuperStep 111 : 3.0
SuperStep 112 : 2.0
SuperStep 113 : 2.0
SuperStep 114 : 2.0
SuperStep 115 : 1.0
SuperStep 116 : 0.0
SuperStep 117 : 3.0
SuperStep 118 : 3.0
SuperStep 119 : 0.0
SuperStep 120 : 0.0
SuperStep 121 : 3.0
SuperStep 122 : 2.0
SuperStep 123 : 2.0
SuperStep 124 : 2.0
SuperStep 125 : 1.0
SuperStep 126 : 0.0
SuperStep 127 : 3.0
SuperStep 128 : 3.0
SuperStep 129 : 0.0
SuperStep 130 : 0.0
SuperStep 131 : 3.0
SuperStep 132 : 2.0
SuperStep 133 : 2.0
SuperStep 134 : 2.0
SuperStep 135 : 1.0
SuperStep 136 : 0.0
SuperStep 137 : 3.0
SuperStep 138 : 3.0
SuperStep 139 : 0.0
SuperStep 140 : 0.0
SuperStep 141 : 3.0
SuperStep 142 : 2.0
SuperStep 143 : 2.0
SuperStep 144 : 2.0
SuperStep 145 : 1.0
SuperStep 146 : 0.0
SuperStep 147 : 3.0
SuperStep 148 : 3.0
SuperStep 149 : 0.0
SuperStep 150 : 0.0
SuperStep 151 : 3.0
SuperStep 152 : 2.0
SuperStep 153 : 2.0
SuperStep 154 : 2.0
SuperStep 155 : 1.0
SuperStep 156 : 0.0
SuperStep 157 : 3.0
SuperStep 158 : 3.0
SuperStep 159 : 0.0
SuperStep 160 : 0.0
SuperStep 161 : 3.0
SuperStep 162 : 2.0
SuperStep 163 : 2.0
SuperStep 164 : 2.0
SuperStep 165 : 1.0
SuperStep 166 : 0.0
SuperStep 167 : 3.0
SuperStep 168 : 3.0
SuperStep 169 : 0.0
SuperStep 170 : 0.0
SuperStep 171 : 3.0
SuperStep 172 : 2.0
SuperStep 173 : 2.0
SuperStep 174 : 2.0
SuperStep 175 : 1.0
SuperStep 176 : 0.0
SuperStep 177 : 3.0
SuperStep 178 : 3.0
SuperStep 179 : 0.0
SuperStep 180 : 0.0
SuperStep 181 : 3.0
SuperStep 182 : 2.0
SuperStep 183 : 4.0
SuperStep 184 : 1.0
SuperStep 185 : 0.0
SuperStep 186 : 3.0
SuperStep 187 : 3.0
SuperStep 188 : 0.0
SuperStep 189 : 0.0
SuperStep 190 : 3.0
SuperStep 191 : 2.0
SuperStep 192 : 2.0
SuperStep 193 : 2.0
SuperStep 194 : 1.0
SuperStep 195 : 0.0
SuperStep 196 : 3.0
SuperStep 197 : 3.0
SuperStep 198 : 0.0
SuperStep 199 : 0.0
SuperStep 200 : 3.0
SuperStep 201 : 2.0
SuperStep 202 : 2.0
SuperStep 203 : 2.0
SuperStep 204 : 1.0
SuperStep 205 : 0.0
SuperStep 206 : 3.0
SuperStep 207 : 3.0
SuperStep 208 : 0.0
SuperStep 209 : 0.0
SuperStep 210 : 3.0
SuperStep 211 : 2.0
SuperStep 212 : 2.0
SuperStep 213 : 2.0
SuperStep 214 : 1.0
SuperStep 215 : 0.0
SuperStep 216 : 3.0
SuperStep 217 : 3.0
SuperStep 218 : 0.0
SuperStep 219 : 0.0
SuperStep 220 : 3.0
SuperStep 221 : 2.0
SuperStep 222 : 2.0
SuperStep 223 : 2.0
SuperStep 224 : 1.0
SuperStep 225 : 0.0
SuperStep 226 : 3.0
SuperStep 227 : 3.0
SuperStep 228 : 0.0
SuperStep 229 : 0.0
SuperStep 230 : 3.0
SuperStep 231 : 2.0
SuperStep 232 : 2.0
SuperStep 233 : 2.0
SuperStep 234 : 1.0
SuperStep 235 : 0.0
SuperStep 236 : 3.0
SuperStep 237 : 3.0
SuperStep 238 : 0.0
SuperStep 239 : 0.0
SuperStep 240 : 3.0
SuperStep 241 : 2.0
SuperStep 242 : 2.0
SuperStep 243 : 2.0
SuperStep 244 : 1.0
SuperStep 245 : 0.0
SuperStep 246 : 3.0
SuperStep 247 : 3.0
SuperStep 248 : 0.0
SuperStep 249 : 0.0
SuperStep 250 : 3.0
SuperStep 251 : 2.0
SuperStep 252 : 2.0
SuperStep 253 : 2.0
SuperStep 254 : 1.0
SuperStep 255 : 0.0
SuperStep 256 : 3.0
SuperStep 257 : 3.0
SuperStep 258 : 0.0
SuperStep 259 : 0.0
SuperStep 260 : 3.0
SuperStep 261 : 2.0
SuperStep 262 : 2.0
SuperStep 263 : 2.0
SuperStep 264 : 1.0
SuperStep 265 : 0.0
SuperStep 266 : 3.0
SuperStep 267 : 3.0
SuperStep 268 : 0.0
SuperStep 269 : 0.0
SuperStep 270 : 3.0
SuperStep 271 : 2.0
SuperStep 272 : 2.0
SuperStep 273 : 2.0
SuperStep 274 : 1.0
SuperStep 275 : 0.0
SuperStep 276 : 3.0
SuperStep 277 : 3.0
SuperStep 278 : 0.0
SuperStep 279 : 0.0
SuperStep 280 : 3.0
SuperStep 281 : 2.0
SuperStep 282 : 2.0
SuperStep 283 : 2.0
SuperStep 284 : 1.0
SuperStep 285 : 0.0
SuperStep 286 : 3.0
SuperStep 287 : 3.0
SuperStep 288 : 0.0
SuperStep 289 : 0.0
SuperStep 290 : 3.0
SuperStep 291 : 2.0
SuperStep 292 : 2.0
SuperStep 293 : 2.0
SuperStep 294 : 1.0
SuperStep 295 : 0.0
SuperStep 296 : 3.0
SuperStep 297 : 3.0
SuperStep 298 : 0.0
SuperStep 299 : 0.0
SuperStep 300 : 3.0
SuperStep 301 : 2.0
SuperStep 302 : 2.0
SuperStep 303 : 2.0
SuperStep 304 : 1.0
SuperStep 305 : 0.0
SuperStep 306 : 3.0
SuperStep 307 : 3.0
SuperStep 308 : 0.0
SuperStep 309 : 0.0
SuperStep 310 : 3.0
SuperStep 311 : 2.0
SuperStep 312 : 2.0
SuperStep 313 : 2.0
SuperStep 314 : 1.0
SuperStep 315 : 0.0
SuperStep 316 : 3.0
SuperStep 317 : 3.0
SuperStep 318 : 0.0
SuperStep 319 : 0.0
SuperStep 320 : 3.0
SuperStep 321 : 2.0
SuperStep 322 : 2.0
SuperStep 323 : 2.0
SuperStep 324 : 1.0
SuperStep 325 : 0.0
SuperStep 326 : 3.0
SuperStep 327 : 3.0
SuperStep 328 : 0.0
SuperStep 329 : 0.0
SuperStep 330 : 3.0
SuperStep 331 : 2.0
SuperStep 332 : 2.0
SuperStep 333 : 2.0
SuperStep 334 : 1.0
SuperStep 335 : 0.0
SuperStep 336 : 3.0
SuperStep 337 : 3.0
SuperStep 338 : 0.0
SuperStep 339 : 0.0
SuperStep 340 : 3.0
SuperStep 341 : 2.0
SuperStep 342 : 2.0
SuperStep 343 : 2.0
SuperStep 344 : 1.0
SuperStep 345 : 0.0
SuperStep 346 : 3.0
SuperStep 347 : 3.0
SuperStep 348 : 0.0
SuperStep 349 : 0.0
SuperStep 350 : 3.0
SuperStep 351 : 2.0
SuperStep 352 : 2.0
SuperStep 353 : 2.0
SuperStep 354 : 1.0
SuperStep 355 : 0.0
SuperStep 356 : 3.0
SuperStep 357 : 3.0
SuperStep 358 : 0.0
SuperStep 359 : 0.0
SuperStep 360 : 3.0
SuperStep 361 : 2.0
SuperStep 362 : 2.0
SuperStep 363 : 2.0
SuperStep 364 : 1.0
SuperStep 365 : 0.0
SuperStep 366 : 3.0
SuperStep 367 : 3.0
SuperStep 368 : 0.0
SuperStep 369 : 0.0
SuperStep 370 : 3.0
SuperStep 371 : 2.0
SuperStep 372 : 2.0
SuperStep 373 : 2.0
SuperStep 374 : 1.0
SuperStep 375 : 0.0
SuperStep 376 : 3.0
SuperStep 377 : 3.0
SuperStep 378 : 0.0
SuperStep 379 : 0.0
SuperStep 380 : 3.0
SuperStep 381 : 2.0
SuperStep 382 : 2.0
SuperStep 383 : 2.0
SuperStep 384 : 1.0
SuperStep 385 : 0.0
SuperStep 386 : 3.0
SuperStep 387 : 3.0
SuperStep 388 : 0.0
SuperStep 389 : 0.0
SuperStep 390 : 3.0
SuperStep 391 : 2.0
SuperStep 392 : 2.0
SuperStep 393 : 2.0
SuperStep 394 : 1.0
SuperStep 395 : 0.0
SuperStep 396 : 3.0
SuperStep 397 : 3.0
SuperStep 398 : 0.0
SuperStep 399 : 0.0
SuperStep 400 : 3.0
SuperStep 401 : 2.0
SuperStep 402 : 2.0
SuperStep 403 : 2.0
SuperStep 404 : 1.0
SuperStep 405 : 0.0
SuperStep 406 : 3.0
SuperStep 407 : 3.0
SuperStep 408 : 0.0
SuperStep 409 : 0.0
SuperStep 410 : 3.0
SuperStep 411 : 2.0
SuperStep 412 : 2.0
SuperStep 413 : 2.0
SuperStep 414 : 1.0
SuperStep 415 : 0.0
SuperStep 416 : 3.0
SuperStep 417 : 3.0
SuperStep 418 : 0.0
SuperStep 419 : 0.0
SuperStep 420 : 3.0
SuperStep 421 : 2.0
SuperStep 422 : 2.0
SuperStep 423 : 2.0
SuperStep 424 : 1.0
SuperStep 425 : 0.0
SuperStep 426 : 3.0
SuperStep 427 : 3.0
SuperStep 428 : 0.0
SuperStep 429 : 0.0
SuperStep 430 : 3.0
SuperStep 431 : 2.0
SuperStep 432 : 2.0
SuperStep 433 : 2.0
SuperStep 434 : 1.0
SuperStep 435 : 0.0
SuperStep 436 : 3.0
SuperStep 437 : 3.0
SuperStep 438 : 0.0
SuperStep 439 : 0.0
SuperStep 440 : 3.0
SuperStep 441 : 2.0
SuperStep 442 : 2.0
SuperStep 443 : 2.0
SuperStep 444 : 1.0
SuperStep 445 : 0.0
SuperStep 446 : 3.0
SuperStep 447 : 3.0
SuperStep 448 : 0.0
SuperStep 449 : 0.0
SuperStep 450 : 3.0
SuperStep 451 : 2.0
SuperStep 452 : 2.0
SuperStep 453 : 2.0
SuperStep 454 : 1.0
SuperStep 455 : 0.0
SuperStep 456 : 3.0
SuperStep 457 : 3.0
SuperStep 458 : 0.0
SuperStep 459 : 0.0
SuperStep 460 : 3.0
SuperStep 461 : 2.0
SuperStep 462 : 2.0
SuperStep 463 : 2.0
SuperStep 464 : 1.0
SuperStep 465 : 0.0
SuperStep 466 : 3.0
SuperStep 467 : 3.0
SuperStep 468 : 0.0
SuperStep 469 : 0.0
SuperStep 470 : 3.0
SuperStep 471 : 2.0
SuperStep 472 : 2.0
SuperStep 473 : 2.0
SuperStep 474 : 1.0
SuperStep 475 : 0.0
SuperStep 476 : 3.0
SuperStep 477 : 3.0
SuperStep 478 : 0.0
SuperStep 479 : 0.0
SuperStep 480 : 3.0
SuperStep 481 : 2.0
SuperStep 482 : 2.0
SuperStep 483 : 2.0
SuperStep 484 : 1.0
SuperStep 485 : 0.0
SuperStep 486 : 3.0
SuperStep 487 : 3.0
SuperStep 488 : 0.0
SuperStep 489 : 0.0
SuperStep 490 : 3.0
SuperStep 491 : 2.0
SuperStep 492 : 2.0
SuperStep 493 : 2.0
SuperStep 494 : 1.0
SuperStep 495 : 0.0
SuperStep 496 : 3.0
SuperStep 497 : 3.0
SuperStep 498 : 0.0
SuperStep 499 : 0.0
SuperStep 500 : 0.0
SuperStep 501 : 0.0
SuperStep 502 : 0.0
SuperStep 503 : 0.0
SuperStep 504 : 0.0
SuperStep 505 : 0.0
SuperStep 506 : 0.0

Worker's vertex group - Vertex numbers: 451
Worker's vertex group - Edge numbers: 700

TotalDurations - Sum: 15.5862775, Mean: 0.030802919960474306, Min: 1.785E-4, Max: 0.0678208, Std Dev: 0.015487773844336816
DistributionDurations - Sum: 0.0581026, Mean: 1.1482727272727268E-4, Min: 1.1E-6, Max: 9.705E-4, Std Dev: 1.1646497254103019E-4
ExecutionDurations - Sum: 15.1339716, Mean: 0.029909034782608698, Min: 2.39E-5, Max: 0.0674596, Std Dev: 0.015436419119112005
MessagingDurations - Sum: 0.263443, Mean: 5.206383399209483E-4, Min: 7.98E-5, Max: 0.0281879, Std Dev: 0.0012854959605639183
MessageNums - Sum: 803.0, Mean: 1.5869565217391302, Min: 0.0, Max: 4.0, Std Dev: 1.2127000502874925
Worker total operation time: 51.3456517